-------------------------------------------------------------------------------
Test set: com.itheima.test.BlackListApiTest
-------------------------------------------------------------------------------
Tests run: 1, Failures: 0, Errors: 1, Skipped: 0, Time elapsed: 11.627 s <<< FAILURE! - in com.itheima.test.BlackListApiTest
testFindByMobile  Time elapsed: 0.001 s  <<< ERROR!
java.lang.IllegalStateException: Failed to load ApplicationContext
Caused by: org.springframework.beans.factory.UnsatisfiedDependencyException: Error creating bean with name 'loginController': Unsatisfied dependency expressed through field 'userService'; nested exception is org.springframework.beans.factory.UnsatisfiedDependencyException: Error creating bean with name 'userService': Unsatisfied dependency expressed through field 'huanXinTemplate'; nested exception is org.springframework.beans.factory.BeanCreationException: Error creating bean with name 'huanXinTemplate' defined in class path resource [com/tanhua/autoconfig/TanhuaAutoConfiguration.class]: Bean instantiation via factory method failed; nested exception is org.springframework.beans.BeanInstantiationException: Failed to instantiate [com.tanhua.autoconfig.template.HuanXinTemplate]: Factory method 'huanXinTemplate' threw exception; nested exception is com.easemob.im.server.exception.EMInvalidArgumentException: appkey must not be null or empty
Caused by: org.springframework.beans.factory.UnsatisfiedDependencyException: Error creating bean with name 'userService': Unsatisfied dependency expressed through field 'huanXinTemplate'; nested exception is org.springframework.beans.factory.BeanCreationException: Error creating bean with name 'huanXinTemplate' defined in class path resource [com/tanhua/autoconfig/TanhuaAutoConfiguration.class]: Bean instantiation via factory method failed; nested exception is org.springframework.beans.BeanInstantiationException: Failed to instantiate [com.tanhua.autoconfig.template.HuanXinTemplate]: Factory method 'huanXinTemplate' threw exception; nested exception is com.easemob.im.server.exception.EMInvalidArgumentException: appkey must not be null or empty
Caused by: org.springframework.beans.factory.BeanCreationException: Error creating bean with name 'huanXinTemplate' defined in class path resource [com/tanhua/autoconfig/TanhuaAutoConfiguration.class]: Bean instantiation via factory method failed; nested exception is org.springframework.beans.BeanInstantiationException: Failed to instantiate [com.tanhua.autoconfig.template.HuanXinTemplate]: Factory method 'huanXinTemplate' threw exception; nested exception is com.easemob.im.server.exception.EMInvalidArgumentException: appkey must not be null or empty
Caused by: org.springframework.beans.BeanInstantiationException: Failed to instantiate [com.tanhua.autoconfig.template.HuanXinTemplate]: Factory method 'huanXinTemplate' threw exception; nested exception is com.easemob.im.server.exception.EMInvalidArgumentException: appkey must not be null or empty
Caused by: com.easemob.im.server.exception.EMInvalidArgumentException: appkey must not be null or empty

