-------------------------------------------------------------------------------
Test set: com.itheima.test.FaceTest
-------------------------------------------------------------------------------
Tests run: 1, Failures: 0, Errors: 1, Skipped: 0, Time elapsed: 6.804 s <<< FAILURE! - in com.itheima.test.FaceTest
detect  Time elapsed: 0 s  <<< ERROR!
java.lang.IllegalStateException: Failed to load ApplicationContext
Caused by: org.springframework.beans.factory.UnsatisfiedDependencyException: Error creating bean with name 'baiduController': Unsatisfied dependency expressed through field 'baiduService'; nested exception is org.springframework.beans.factory.BeanCreationException: Error creating bean with name 'baiduService': Injection of @DubboReference dependencies is failed; nested exception is java.lang.IllegalStateException: Failed to subscribe consumer://192.168.136.1/com.tanhua.dubbo.api.UserLocationApi?application=tanhua-app-server&category=providers,configurators,routers&dubbo=2.0.2&init=false&interface=com.tanhua.dubbo.api.UserLocationApi&methods=updateLocation,queryNewUser&pid=16092&qos.enable=false&release=2.7.8&revision=1.0-SNAPSHOT&side=consumer&sticky=false&timestamp=1658313081322, cause: Error creating bean with name 'com.alibaba.cloud.dubbo.autoconfigure.DubboServiceRegistrationAutoConfiguration': Initialization of bean failed; nested exception is org.springframework.beans.factory.BeanCreationException: Error creating bean with name 'com.alibaba.cloud.dubbo.metadata.repository.DubboServiceMetadataRepository': Initialization of bean failed; nested exception is org.springframework.boot.context.properties.ConfigurationPropertiesBindException: Error creating bean with name 'dubbo.cloud-com.alibaba.cloud.dubbo.env.DubboCloudProperties': Could not bind properties to 'DubboCloudProperties' : prefix=dubbo.cloud, ignoreInvalidFields=false, ignoreUnknownFields=true; nested exception is java.lang.IllegalStateException: org.springframework.web.context.support.GenericWebApplicationContext@a567e72 has not been refreshed yet
Caused by: org.springframework.beans.factory.BeanCreationException: Error creating bean with name 'baiduService': Injection of @DubboReference dependencies is failed; nested exception is java.lang.IllegalStateException: Failed to subscribe consumer://192.168.136.1/com.tanhua.dubbo.api.UserLocationApi?application=tanhua-app-server&category=providers,configurators,routers&dubbo=2.0.2&init=false&interface=com.tanhua.dubbo.api.UserLocationApi&methods=updateLocation,queryNewUser&pid=16092&qos.enable=false&release=2.7.8&revision=1.0-SNAPSHOT&side=consumer&sticky=false&timestamp=1658313081322, cause: Error creating bean with name 'com.alibaba.cloud.dubbo.autoconfigure.DubboServiceRegistrationAutoConfiguration': Initialization of bean failed; nested exception is org.springframework.beans.factory.BeanCreationException: Error creating bean with name 'com.alibaba.cloud.dubbo.metadata.repository.DubboServiceMetadataRepository': Initialization of bean failed; nested exception is org.springframework.boot.context.properties.ConfigurationPropertiesBindException: Error creating bean with name 'dubbo.cloud-com.alibaba.cloud.dubbo.env.DubboCloudProperties': Could not bind properties to 'DubboCloudProperties' : prefix=dubbo.cloud, ignoreInvalidFields=false, ignoreUnknownFields=true; nested exception is java.lang.IllegalStateException: org.springframework.web.context.support.GenericWebApplicationContext@a567e72 has not been refreshed yet
Caused by: java.lang.IllegalStateException: Failed to subscribe consumer://192.168.136.1/com.tanhua.dubbo.api.UserLocationApi?application=tanhua-app-server&category=providers,configurators,routers&dubbo=2.0.2&init=false&interface=com.tanhua.dubbo.api.UserLocationApi&methods=updateLocation,queryNewUser&pid=16092&qos.enable=false&release=2.7.8&revision=1.0-SNAPSHOT&side=consumer&sticky=false&timestamp=1658313081322, cause: Error creating bean with name 'com.alibaba.cloud.dubbo.autoconfigure.DubboServiceRegistrationAutoConfiguration': Initialization of bean failed; nested exception is org.springframework.beans.factory.BeanCreationException: Error creating bean with name 'com.alibaba.cloud.dubbo.metadata.repository.DubboServiceMetadataRepository': Initialization of bean failed; nested exception is org.springframework.boot.context.properties.ConfigurationPropertiesBindException: Error creating bean with name 'dubbo.cloud-com.alibaba.cloud.dubbo.env.DubboCloudProperties': Could not bind properties to 'DubboCloudProperties' : prefix=dubbo.cloud, ignoreInvalidFields=false, ignoreUnknownFields=true; nested exception is java.lang.IllegalStateException: org.springframework.web.context.support.GenericWebApplicationContext@a567e72 has not been refreshed yet
Caused by: org.springframework.beans.factory.BeanCreationException: Error creating bean with name 'com.alibaba.cloud.dubbo.autoconfigure.DubboServiceRegistrationAutoConfiguration': Initialization of bean failed; nested exception is org.springframework.beans.factory.BeanCreationException: Error creating bean with name 'com.alibaba.cloud.dubbo.metadata.repository.DubboServiceMetadataRepository': Initialization of bean failed; nested exception is org.springframework.boot.context.properties.ConfigurationPropertiesBindException: Error creating bean with name 'dubbo.cloud-com.alibaba.cloud.dubbo.env.DubboCloudProperties': Could not bind properties to 'DubboCloudProperties' : prefix=dubbo.cloud, ignoreInvalidFields=false, ignoreUnknownFields=true; nested exception is java.lang.IllegalStateException: org.springframework.web.context.support.GenericWebApplicationContext@a567e72 has not been refreshed yet
Caused by: org.springframework.beans.factory.BeanCreationException: Error creating bean with name 'com.alibaba.cloud.dubbo.metadata.repository.DubboServiceMetadataRepository': Initialization of bean failed; nested exception is org.springframework.boot.context.properties.ConfigurationPropertiesBindException: Error creating bean with name 'dubbo.cloud-com.alibaba.cloud.dubbo.env.DubboCloudProperties': Could not bind properties to 'DubboCloudProperties' : prefix=dubbo.cloud, ignoreInvalidFields=false, ignoreUnknownFields=true; nested exception is java.lang.IllegalStateException: org.springframework.web.context.support.GenericWebApplicationContext@a567e72 has not been refreshed yet
Caused by: org.springframework.boot.context.properties.ConfigurationPropertiesBindException: Error creating bean with name 'dubbo.cloud-com.alibaba.cloud.dubbo.env.DubboCloudProperties': Could not bind properties to 'DubboCloudProperties' : prefix=dubbo.cloud, ignoreInvalidFields=false, ignoreUnknownFields=true; nested exception is java.lang.IllegalStateException: org.springframework.web.context.support.GenericWebApplicationContext@a567e72 has not been refreshed yet
Caused by: java.lang.IllegalStateException: org.springframework.web.context.support.GenericWebApplicationContext@a567e72 has not been refreshed yet

