<?xml version="1.0" encoding="UTF-8"?>
<testsuite xmlns:xsi="http://www.w3.org/2001/XMLSchema-instance" xsi:noNamespaceSchemaLocation="https://maven.apache.org/surefire/maven-surefire-plugin/xsd/surefire-test-report.xsd" name="com.itheima.test.JwtTest" time="0.552" tests="2" errors="0" skipped="0" failures="0">
  <properties>
[...]
</properties>
  <testcase name="testParseToken" classname="com.itheima.test.JwtTest" time="0.546"/>
  <testcase name="testCreateToken" classname="com.itheima.test.JwtTest" time="0.006"/>
</testsuite>