<?xml version="1.0" encoding="UTF-8"?>
<testsuite xmlns:xsi="http://www.w3.org/2001/XMLSchema-instance" xsi:noNamespaceSchemaLocation="https://maven.apache.org/surefire/maven-surefire-plugin/xsd/surefire-test-report.xsd" name="com.itheima.test.MovementApiTest" time="6.558" tests="1" errors="1" skipped="0" failures="0">
  <properties>
[...]
</properties>
  <testcase name="testPublish" classname="com.itheima.test.MovementApiTest" time="0">
    <error message="Failed to load ApplicationContext" type="java.lang.IllegalStateException"><![CDATA[java.lang.IllegalStateException: Failed to load ApplicationContext
Caused by: org.springframework.beans.factory.UnsatisfiedDependencyException: Error creating bean with name 'baiduController': Unsatisfied dependency expressed through field 'baiduService'; nested exception is org.springframework.beans.factory.BeanCreationException: Error creating bean with name 'baiduService': Injection of @DubboReference dependencies is failed; nested exception is java.lang.IllegalStateException: Failed to subscribe consumer://192.168.136.1/com.tanhua.dubbo.api.UserLocationApi?application=tanhua-app-server&category=providers,configurators,routers&dubbo=2.0.2&init=false&interface=com.tanhua.dubbo.api.UserLocationApi&methods=updateLocation,queryNewUser&pid=16092&qos.enable=false&release=2.7.8&revision=1.0-SNAPSHOT&side=consumer&sticky=false&timestamp=1658313108466, cause: Error creating bean with name 'com.alibaba.cloud.dubbo.autoconfigure.DubboServiceRegistrationAutoConfiguration': Initialization of bean failed; nested exception is org.springframework.beans.factory.BeanCreationException: Error creating bean with name 'com.alibaba.cloud.dubbo.metadata.repository.DubboServiceMetadataRepository': Initialization of bean failed; nested exception is org.springframework.boot.context.properties.ConfigurationPropertiesBindException: Error creating bean with name 'dubbo.cloud-com.alibaba.cloud.dubbo.env.DubboCloudProperties': Could not bind properties to 'DubboCloudProperties' : prefix=dubbo.cloud, ignoreInvalidFields=false, ignoreUnknownFields=true; nested exception is java.lang.IllegalStateException: org.springframework.web.context.support.GenericWebApplicationContext@a567e72 has not been refreshed yet
Caused by: org.springframework.beans.factory.BeanCreationException: Error creating bean with name 'baiduService': Injection of @DubboReference dependencies is failed; nested exception is java.lang.IllegalStateException: Failed to subscribe consumer://192.168.136.1/com.tanhua.dubbo.api.UserLocationApi?application=tanhua-app-server&category=providers,configurators,routers&dubbo=2.0.2&init=false&interface=com.tanhua.dubbo.api.UserLocationApi&methods=updateLocation,queryNewUser&pid=16092&qos.enable=false&release=2.7.8&revision=1.0-SNAPSHOT&side=consumer&sticky=false&timestamp=1658313108466, cause: Error creating bean with name 'com.alibaba.cloud.dubbo.autoconfigure.DubboServiceRegistrationAutoConfiguration': Initialization of bean failed; nested exception is org.springframework.beans.factory.BeanCreationException: Error creating bean with name 'com.alibaba.cloud.dubbo.metadata.repository.DubboServiceMetadataRepository': Initialization of bean failed; nested exception is org.springframework.boot.context.properties.ConfigurationPropertiesBindException: Error creating bean with name 'dubbo.cloud-com.alibaba.cloud.dubbo.env.DubboCloudProperties': Could not bind properties to 'DubboCloudProperties' : prefix=dubbo.cloud, ignoreInvalidFields=false, ignoreUnknownFields=true; nested exception is java.lang.IllegalStateException: org.springframework.web.context.support.GenericWebApplicationContext@a567e72 has not been refreshed yet
Caused by: java.lang.IllegalStateException: Failed to subscribe consumer://192.168.136.1/com.tanhua.dubbo.api.UserLocationApi?application=tanhua-app-server&category=providers,configurators,routers&dubbo=2.0.2&init=false&interface=com.tanhua.dubbo.api.UserLocationApi&methods=updateLocation,queryNewUser&pid=16092&qos.enable=false&release=2.7.8&revision=1.0-SNAPSHOT&side=consumer&sticky=false&timestamp=1658313108466, cause: Error creating bean with name 'com.alibaba.cloud.dubbo.autoconfigure.DubboServiceRegistrationAutoConfiguration': Initialization of bean failed; nested exception is org.springframework.beans.factory.BeanCreationException: Error creating bean with name 'com.alibaba.cloud.dubbo.metadata.repository.DubboServiceMetadataRepository': Initialization of bean failed; nested exception is org.springframework.boot.context.properties.ConfigurationPropertiesBindException: Error creating bean with name 'dubbo.cloud-com.alibaba.cloud.dubbo.env.DubboCloudProperties': Could not bind properties to 'DubboCloudProperties' : prefix=dubbo.cloud, ignoreInvalidFields=false, ignoreUnknownFields=true; nested exception is java.lang.IllegalStateException: org.springframework.web.context.support.GenericWebApplicationContext@a567e72 has not been refreshed yet
Caused by: org.springframework.beans.factory.BeanCreationException: Error creating bean with name 'com.alibaba.cloud.dubbo.autoconfigure.DubboServiceRegistrationAutoConfiguration': Initialization of bean failed; nested exception is org.springframework.beans.factory.BeanCreationException: Error creating bean with name 'com.alibaba.cloud.dubbo.metadata.repository.DubboServiceMetadataRepository': Initialization of bean failed; nested exception is org.springframework.boot.context.properties.ConfigurationPropertiesBindException: Error creating bean with name 'dubbo.cloud-com.alibaba.cloud.dubbo.env.DubboCloudProperties': Could not bind properties to 'DubboCloudProperties' : prefix=dubbo.cloud, ignoreInvalidFields=false, ignoreUnknownFields=true; nested exception is java.lang.IllegalStateException: org.springframework.web.context.support.GenericWebApplicationContext@a567e72 has not been refreshed yet
Caused by: org.springframework.beans.factory.BeanCreationException: Error creating bean with name 'com.alibaba.cloud.dubbo.metadata.repository.DubboServiceMetadataRepository': Initialization of bean failed; nested exception is org.springframework.boot.context.properties.ConfigurationPropertiesBindException: Error creating bean with name 'dubbo.cloud-com.alibaba.cloud.dubbo.env.DubboCloudProperties': Could not bind properties to 'DubboCloudProperties' : prefix=dubbo.cloud, ignoreInvalidFields=false, ignoreUnknownFields=true; nested exception is java.lang.IllegalStateException: org.springframework.web.context.support.GenericWebApplicationContext@a567e72 has not been refreshed yet
Caused by: org.springframework.boot.context.properties.ConfigurationPropertiesBindException: Error creating bean with name 'dubbo.cloud-com.alibaba.cloud.dubbo.env.DubboCloudProperties': Could not bind properties to 'DubboCloudProperties' : prefix=dubbo.cloud, ignoreInvalidFields=false, ignoreUnknownFields=true; nested exception is java.lang.IllegalStateException: org.springframework.web.context.support.GenericWebApplicationContext@a567e72 has not been refreshed yet
Caused by: java.lang.IllegalStateException: org.springframework.web.context.support.GenericWebApplicationContext@a567e72 has not been refreshed yet
]]></error>
    <system-out><![CDATA[2022-07-20 18:31:43.503  INFO 16092 --- [           main] e.OverrideDubboConfigApplicationListener : Dubbo Config was overridden by externalized configuration {dubbo.application.name=tanhua-app-server, dubbo.application.qos-enable=false, dubbo.config.multiple=true}
2022-07-20 18:31:45.025  INFO 16092 --- [           main] e.OverrideDubboConfigApplicationListener : Dubbo Config was overridden by externalized configuration {dubbo.application.name=tanhua-app-server, dubbo.application.qos-enable=false, dubbo.config.multiple=true}

  .   ____          _            __ _ _
 /\\ / ___'_ __ _ _(_)_ __  __ _ \ \ \ \
( ( )\___ | '_ | '_| | '_ \/ _` | \ \ \ \
 \\/  ___)| |_)| | | | | || (_| |  ) ) ) )
  '  |____| .__|_| |_|_| |_\__, | / / / /
 =========|_|==============|___/=/_/_/_/
 :: Spring Boot ::        (v2.3.9.RELEASE)

2022-07-20 18:31:45.042  WARN 16092 --- [           main] c.a.c.n.c.NacosPropertySourceBuilder     : Ignore the empty nacos configuration and get it based on dataId[tanhua-app-server] & group[DEFAULT_GROUP]
2022-07-20 18:31:45.045  WARN 16092 --- [           main] c.a.c.n.c.NacosPropertySourceBuilder     : Ignore the empty nacos configuration and get it based on dataId[tanhua-app-server.yml] & group[DEFAULT_GROUP]
2022-07-20 18:31:45.049 ERROR 16092 --- [           main] c.a.c.n.c.NacosPropertySourceBuilder     : parse data from Nacos error,dataId:tanhua-app-server-prod.yml,data:#服务端口
server:
  port: 18080
spring:
  application:
    name: tanhua-app-server
  redis:  #redis配置
    port: 6379
    host: 192.168.136.160
  cloud:  #nacos配置
    nacos:
      discovery:
        server-addr: 192.168.136.160:8848
dubbo:    #dubbo配置
  registry:
    address: spring-cloud://localhost
  consumer:
    check: false
tanhua:
  default:
    recommend:
      users: 2,3,8,10,18,20,24,29,27,32,36,37,56,64,75,88
  sms:
    signName: tanhua
    templateCode: SMS_106590012423423
    accessKey: LTAI5tCCK6DfMXZFPZxZB6qN
    secret: ZgBBhd015DUNAcMgCmM5ILHlkMvyR9
  oss:
    accessKey: LTAI5tCCK6DfMXZFPZxZB6qN
    secret: ZgBBhd015DUNAcMgCmM5ILHlkMvyR9
    endpoint: oss-cn-beijing.aliyuncs.com
    bucketName: tanhuacouldplatform
    url: https://tanhuacouldplatform.oss-cn-beijing.aliyuncs.com/
  aip:
    appId: 23708310
    apiKey: XiqaqHmB0wkLbgvPSjwSPM3O
    secretKey: qh6pguqsxfLo1G8GcKEorz2E5xp1ctRi
  huanxin:
    appkey: 1141210308180326#tanhua
    clientId: YXA6jmV_s7jCQ3y8Tw17A8PH5A
    clientSecret: YXA6HK0HxA6r3k9Ma8wX-cA-kuFh1-M

fdfs:
  so-timeout: 1500
  connect-timeout: 600
  #缩略图生成参数
  thumb-image:
    width: 150
    height: 150
  #TrackerList参数,支持多个
  tracker-list: 192.168.136.160:22122
  web-server-url: http://192.168.136.160:8888/
Spring:
  servlet:
    multipart:
      max-file-size: 30MB
      max-request-size: 30MB

org.yaml.snakeyaml.error.YAMLException: java.nio.charset.MalformedInputException: Input length = 1
	at org.yaml.snakeyaml.reader.StreamReader.update(StreamReader.java:218) ~[snakeyaml-1.26.jar:na]
	at org.yaml.snakeyaml.reader.StreamReader.ensureEnoughData(StreamReader.java:176) ~[snakeyaml-1.26.jar:na]
	at org.yaml.snakeyaml.reader.StreamReader.ensureEnoughData(StreamReader.java:171) ~[snakeyaml-1.26.jar:na]
	at org.yaml.snakeyaml.reader.StreamReader.peek(StreamReader.java:126) ~[snakeyaml-1.26.jar:na]
	at org.yaml.snakeyaml.scanner.ScannerImpl.scanToNextToken(ScannerImpl.java:1177) ~[snakeyaml-1.26.jar:na]
	at org.yaml.snakeyaml.scanner.ScannerImpl.fetchMoreTokens(ScannerImpl.java:287) ~[snakeyaml-1.26.jar:na]
	at org.yaml.snakeyaml.scanner.ScannerImpl.checkToken(ScannerImpl.java:227) ~[snakeyaml-1.26.jar:na]
	at org.yaml.snakeyaml.parser.ParserImpl$ParseImplicitDocumentStart.produce(ParserImpl.java:195) ~[snakeyaml-1.26.jar:na]
	at org.yaml.snakeyaml.parser.ParserImpl.peekEvent(ParserImpl.java:158) ~[snakeyaml-1.26.jar:na]
	at org.yaml.snakeyaml.parser.ParserImpl.checkEvent(ParserImpl.java:148) ~[snakeyaml-1.26.jar:na]
	at org.yaml.snakeyaml.composer.Composer.checkNode(Composer.java:82) ~[snakeyaml-1.26.jar:na]
	at org.yaml.snakeyaml.constructor.BaseConstructor.checkData(BaseConstructor.java:123) ~[snakeyaml-1.26.jar:na]
	at org.yaml.snakeyaml.Yaml$1.hasNext(Yaml.java:489) ~[snakeyaml-1.26.jar:na]
	at org.springframework.beans.factory.config.YamlProcessor.process(YamlProcessor.java:200) ~[spring-beans-5.2.13.RELEASE.jar:5.2.13.RELEASE]
	at org.springframework.beans.factory.config.YamlProcessor.process(YamlProcessor.java:164) ~[spring-beans-5.2.13.RELEASE.jar:5.2.13.RELEASE]
	at org.springframework.boot.env.OriginTrackedYamlLoader.load(OriginTrackedYamlLoader.java:82) ~[spring-boot-2.3.9.RELEASE.jar:2.3.9.RELEASE]
	at org.springframework.boot.env.YamlPropertySourceLoader.load(YamlPropertySourceLoader.java:50) ~[spring-boot-2.3.9.RELEASE.jar:2.3.9.RELEASE]
	at com.alibaba.cloud.nacos.parser.NacosDataParserHandler.parseNacosData(NacosDataParserHandler.java:92) ~[spring-cloud-starter-alibaba-nacos-config-2.2.5.RELEASE.jar:2.2.5.RELEASE]
	at com.alibaba.cloud.nacos.client.NacosPropertySourceBuilder.loadNacosData(NacosPropertySourceBuilder.java:97) [spring-cloud-starter-alibaba-nacos-config-2.2.5.RELEASE.jar:2.2.5.RELEASE]
	at com.alibaba.cloud.nacos.client.NacosPropertySourceBuilder.build(NacosPropertySourceBuilder.java:73) [spring-cloud-starter-alibaba-nacos-config-2.2.5.RELEASE.jar:2.2.5.RELEASE]
	at com.alibaba.cloud.nacos.client.NacosPropertySourceLocator.loadNacosPropertySource(NacosPropertySourceLocator.java:199) [spring-cloud-starter-alibaba-nacos-config-2.2.5.RELEASE.jar:2.2.5.RELEASE]
	at com.alibaba.cloud.nacos.client.NacosPropertySourceLocator.loadNacosDataIfPresent(NacosPropertySourceLocator.java:186) [spring-cloud-starter-alibaba-nacos-config-2.2.5.RELEASE.jar:2.2.5.RELEASE]
	at com.alibaba.cloud.nacos.client.NacosPropertySourceLocator.loadApplicationConfiguration(NacosPropertySourceLocator.java:149) [spring-cloud-starter-alibaba-nacos-config-2.2.5.RELEASE.jar:2.2.5.RELEASE]
	at com.alibaba.cloud.nacos.client.NacosPropertySourceLocator.locate(NacosPropertySourceLocator.java:103) [spring-cloud-starter-alibaba-nacos-config-2.2.5.RELEASE.jar:2.2.5.RELEASE]
	at org.springframework.cloud.bootstrap.config.PropertySourceLocator.locateCollection(PropertySourceLocator.java:52) [spring-cloud-context-2.2.7.RELEASE.jar:2.2.7.RELEASE]
	at org.springframework.cloud.bootstrap.config.PropertySourceLocator.locateCollection(PropertySourceLocator.java:47) [spring-cloud-context-2.2.7.RELEASE.jar:2.2.7.RELEASE]
	at org.springframework.cloud.bootstrap.config.PropertySourceBootstrapConfiguration.initialize(PropertySourceBootstrapConfiguration.java:98) [spring-cloud-context-2.2.7.RELEASE.jar:2.2.7.RELEASE]
	at org.springframework.boot.SpringApplication.applyInitializers(SpringApplication.java:626) [spring-boot-2.3.9.RELEASE.jar:2.3.9.RELEASE]
	at org.springframework.boot.SpringApplication.prepareContext(SpringApplication.java:370) [spring-boot-2.3.9.RELEASE.jar:2.3.9.RELEASE]
	at org.springframework.boot.SpringApplication.run(SpringApplication.java:314) [spring-boot-2.3.9.RELEASE.jar:2.3.9.RELEASE]
	at org.springframework.boot.test.context.SpringBootContextLoader.loadContext(SpringBootContextLoader.java:120) [spring-boot-test-2.3.9.RELEASE.jar:2.3.9.RELEASE]
	at org.springframework.test.context.cache.DefaultCacheAwareContextLoaderDelegate.loadContextInternal(DefaultCacheAwareContextLoaderDelegate.java:99) [spring-test-5.2.13.RELEASE.jar:5.2.13.RELEASE]
	at org.springframework.test.context.cache.DefaultCacheAwareContextLoaderDelegate.loadContext(DefaultCacheAwareContextLoaderDelegate.java:124) [spring-test-5.2.13.RELEASE.jar:5.2.13.RELEASE]
	at org.springframework.test.context.support.DefaultTestContext.getApplicationContext(DefaultTestContext.java:123) [spring-test-5.2.13.RELEASE.jar:5.2.13.RELEASE]
	at org.springframework.test.context.web.ServletTestExecutionListener.setUpRequestContextIfNecessary(ServletTestExecutionListener.java:190) [spring-test-5.2.13.RELEASE.jar:5.2.13.RELEASE]
	at org.springframework.test.context.web.ServletTestExecutionListener.prepareTestInstance(ServletTestExecutionListener.java:132) [spring-test-5.2.13.RELEASE.jar:5.2.13.RELEASE]
	at org.springframework.test.context.TestContextManager.prepareTestInstance(TestContextManager.java:244) [spring-test-5.2.13.RELEASE.jar:5.2.13.RELEASE]
	at org.springframework.test.context.junit4.SpringJUnit4ClassRunner.createTest(SpringJUnit4ClassRunner.java:227) [spring-test-5.2.13.RELEASE.jar:5.2.13.RELEASE]
	at org.springframework.test.context.junit4.SpringJUnit4ClassRunner$1.runReflectiveCall(SpringJUnit4ClassRunner.java:289) [spring-test-5.2.13.RELEASE.jar:5.2.13.RELEASE]
	at org.junit.internal.runners.model.ReflectiveCallable.run(ReflectiveCallable.java:12) [junit-4.12.jar:4.12]
	at org.springframework.test.context.junit4.SpringJUnit4ClassRunner.methodBlock(SpringJUnit4ClassRunner.java:291) [spring-test-5.2.13.RELEASE.jar:5.2.13.RELEASE]
	at org.springframework.test.context.junit4.SpringJUnit4ClassRunner.runChild(SpringJUnit4ClassRunner.java:246) [spring-test-5.2.13.RELEASE.jar:5.2.13.RELEASE]
	at org.springframework.test.context.junit4.SpringJUnit4ClassRunner.runChild(SpringJUnit4ClassRunner.java:97) [spring-test-5.2.13.RELEASE.jar:5.2.13.RELEASE]
	at org.junit.runners.ParentRunner$3.run(ParentRunner.java:290) [junit-4.12.jar:4.12]
	at org.junit.runners.ParentRunner$1.schedule(ParentRunner.java:71) [junit-4.12.jar:4.12]
	at org.junit.runners.ParentRunner.runChildren(ParentRunner.java:288) [junit-4.12.jar:4.12]
	at org.junit.runners.ParentRunner.access$000(ParentRunner.java:58) [junit-4.12.jar:4.12]
	at org.junit.runners.ParentRunner$2.evaluate(ParentRunner.java:268) [junit-4.12.jar:4.12]
	at org.springframework.test.context.junit4.statements.RunBeforeTestClassCallbacks.evaluate(RunBeforeTestClassCallbacks.java:61) [spring-test-5.2.13.RELEASE.jar:5.2.13.RELEASE]
	at org.springframework.test.context.junit4.statements.RunAfterTestClassCallbacks.evaluate(RunAfterTestClassCallbacks.java:70) [spring-test-5.2.13.RELEASE.jar:5.2.13.RELEASE]
	at org.junit.runners.ParentRunner.run(ParentRunner.java:363) [junit-4.12.jar:4.12]
	at org.springframework.test.context.junit4.SpringJUnit4ClassRunner.run(SpringJUnit4ClassRunner.java:190) [spring-test-5.2.13.RELEASE.jar:5.2.13.RELEASE]
	at org.junit.runner.JUnitCore.run(JUnitCore.java:137) [junit-4.12.jar:4.12]
	at org.junit.runner.JUnitCore.run(JUnitCore.java:115) [junit-4.12.jar:4.12]
	at org.junit.vintage.engine.execution.RunnerExecutor.execute(RunnerExecutor.java:43) [junit-vintage-engine-5.6.3.jar:5.6.3]
	at java.util.stream.ForEachOps$ForEachOp$OfRef.accept(ForEachOps.java:184) ~[na:1.8.0_171]
	at java.util.stream.ReferencePipeline$3$1.accept(ReferencePipeline.java:193) ~[na:1.8.0_171]
	at java.util.Iterator.forEachRemaining(Iterator.java:116) ~[na:1.8.0_171]
	at java.util.Spliterators$IteratorSpliterator.forEachRemaining(Spliterators.java:1801) ~[na:1.8.0_171]
	at java.util.stream.AbstractPipeline.copyInto(AbstractPipeline.java:481) ~[na:1.8.0_171]
	at java.util.stream.AbstractPipeline.wrapAndCopyInto(AbstractPipeline.java:471) ~[na:1.8.0_171]
	at java.util.stream.ForEachOps$ForEachOp.evaluateSequential(ForEachOps.java:151) ~[na:1.8.0_171]
	at java.util.stream.ForEachOps$ForEachOp$OfRef.evaluateSequential(ForEachOps.java:174) ~[na:1.8.0_171]
	at java.util.stream.AbstractPipeline.evaluate(AbstractPipeline.java:234) ~[na:1.8.0_171]
	at java.util.stream.ReferencePipeline.forEach(ReferencePipeline.java:418) ~[na:1.8.0_171]
	at org.junit.vintage.engine.VintageTestEngine.executeAllChildren(VintageTestEngine.java:82) ~[junit-vintage-engine-5.6.3.jar:5.6.3]
	at org.junit.vintage.engine.VintageTestEngine.execute(VintageTestEngine.java:73) ~[junit-vintage-engine-5.6.3.jar:5.6.3]
	at org.junit.platform.launcher.core.DefaultLauncher.execute(DefaultLauncher.java:220) ~[junit-platform-launcher-1.3.1.jar:1.3.1]
	at org.junit.platform.launcher.core.DefaultLauncher.lambda$execute$6(DefaultLauncher.java:188) ~[junit-platform-launcher-1.3.1.jar:1.3.1]
	at org.junit.platform.launcher.core.DefaultLauncher.withInterceptedStreams(DefaultLauncher.java:202) ~[junit-platform-launcher-1.3.1.jar:1.3.1]
	at org.junit.platform.launcher.core.DefaultLauncher.execute(DefaultLauncher.java:181) ~[junit-platform-launcher-1.3.1.jar:1.3.1]
	at org.junit.platform.launcher.core.DefaultLauncher.execute(DefaultLauncher.java:128) ~[junit-platform-launcher-1.3.1.jar:1.3.1]
	at org.apache.maven.surefire.junitplatform.JUnitPlatformProvider.invokeAllTests(JUnitPlatformProvider.java:150) ~[surefire-junit-platform-2.22.2.jar:2.22.2]
	at org.apache.maven.surefire.junitplatform.JUnitPlatformProvider.invoke(JUnitPlatformProvider.java:124) ~[surefire-junit-platform-2.22.2.jar:2.22.2]
	at org.apache.maven.surefire.booter.ForkedBooter.invokeProviderInSameClassLoader(ForkedBooter.java:384) ~[surefire-booter-2.22.2.jar:2.22.2]
	at org.apache.maven.surefire.booter.ForkedBooter.runSuitesInProcess(ForkedBooter.java:345) ~[surefire-booter-2.22.2.jar:2.22.2]
	at org.apache.maven.surefire.booter.ForkedBooter.execute(ForkedBooter.java:126) ~[surefire-booter-2.22.2.jar:2.22.2]
	at org.apache.maven.surefire.booter.ForkedBooter.main(ForkedBooter.java:418) ~[surefire-booter-2.22.2.jar:2.22.2]
Caused by: java.nio.charset.MalformedInputException: Input length = 1
	at java.nio.charset.CoderResult.throwException(CoderResult.java:281) ~[na:1.8.0_171]
	at sun.nio.cs.StreamDecoder.implRead(StreamDecoder.java:339) ~[na:1.8.0_171]
	at sun.nio.cs.StreamDecoder.read(StreamDecoder.java:178) ~[na:1.8.0_171]
	at java.io.InputStreamReader.read(InputStreamReader.java:184) ~[na:1.8.0_171]
	at org.yaml.snakeyaml.reader.UnicodeReader.read(UnicodeReader.java:125) ~[snakeyaml-1.26.jar:na]
	at org.yaml.snakeyaml.reader.StreamReader.update(StreamReader.java:183) ~[snakeyaml-1.26.jar:na]
	... 77 common frames omitted

2022-07-20 18:31:45.049  INFO 16092 --- [           main] b.c.PropertySourceBootstrapConfiguration : Located property source: [BootstrapPropertySource {name='bootstrapProperties-tanhua-app-server-prod.yml,DEFAULT_GROUP'}, BootstrapPropertySource {name='bootstrapProperties-tanhua-app-server.yml,DEFAULT_GROUP'}, BootstrapPropertySource {name='bootstrapProperties-tanhua-app-server,DEFAULT_GROUP'}]
2022-07-20 18:31:45.051  WARN 16092 --- [           main] ory$DuplicateJsonObjectContextCustomizer : 

Found multiple occurrences of org.json.JSONObject on the class path:

	jar:file:/E:/develop/apache-maven-3.6.3/repository/org/json/json/20160810/json-20160810.jar!/org/json/JSONObject.class
	jar:file:/E:/develop/apache-maven-3.6.3/repository/com/vaadin/external/google/android-json/0.0.20131108.vaadin1/android-json-0.0.20131108.vaadin1.jar!/org/json/JSONObject.class

You may wish to exclude one of them to ensure predictable runtime behavior

2022-07-20 18:31:45.051  INFO 16092 --- [           main] com.itheima.test.MovementApiTest         : The following profiles are active: prod
2022-07-20 18:31:45.186  INFO 16092 --- [           main] com.alibaba.spring.util.BeanRegistrar    : The Infrastructure bean definition [Root bean: class [org.apache.dubbo.config.spring.beans.factory.annotation.ReferenceAnnotationBeanPostProcessor]; scope=; abstract=false; lazyInit=null; autowireMode=0; dependencyCheck=0; autowireCandidate=true; primary=false; factoryBeanName=null; factoryMethodName=null; initMethodName=null; destroyMethodName=nullwith name [referenceAnnotationBeanPostProcessor] has been registered.
2022-07-20 18:31:45.186  INFO 16092 --- [           main] com.alibaba.spring.util.BeanRegistrar    : The Infrastructure bean definition [Root bean: class [org.apache.dubbo.config.spring.beans.factory.annotation.DubboConfigAliasPostProcessor]; scope=; abstract=false; lazyInit=null; autowireMode=0; dependencyCheck=0; autowireCandidate=true; primary=false; factoryBeanName=null; factoryMethodName=null; initMethodName=null; destroyMethodName=nullwith name [dubboConfigAliasPostProcessor] has been registered.
2022-07-20 18:31:45.186  INFO 16092 --- [           main] com.alibaba.spring.util.BeanRegistrar    : The Infrastructure bean definition [Root bean: class [org.apache.dubbo.config.spring.context.DubboLifecycleComponentApplicationListener]; scope=; abstract=false; lazyInit=null; autowireMode=0; dependencyCheck=0; autowireCandidate=true; primary=false; factoryBeanName=null; factoryMethodName=null; initMethodName=null; destroyMethodName=nullwith name [dubboLifecycleComponentApplicationListener] has been registered.
2022-07-20 18:31:45.186  INFO 16092 --- [           main] com.alibaba.spring.util.BeanRegistrar    : The Infrastructure bean definition [Root bean: class [org.apache.dubbo.config.spring.context.DubboBootstrapApplicationListener]; scope=; abstract=false; lazyInit=null; autowireMode=0; dependencyCheck=0; autowireCandidate=true; primary=false; factoryBeanName=null; factoryMethodName=null; initMethodName=null; destroyMethodName=nullwith name [dubboBootstrapApplicationListener] has been registered.
2022-07-20 18:31:45.186  INFO 16092 --- [           main] com.alibaba.spring.util.BeanRegistrar    : The Infrastructure bean definition [Root bean: class [org.apache.dubbo.config.spring.beans.factory.config.DubboConfigDefaultPropertyValueBeanPostProcessor]; scope=; abstract=false; lazyInit=null; autowireMode=0; dependencyCheck=0; autowireCandidate=true; primary=false; factoryBeanName=null; factoryMethodName=null; initMethodName=null; destroyMethodName=nullwith name [dubboConfigDefaultPropertyValueBeanPostProcessor] has been registered.
2022-07-20 18:31:45.192  INFO 16092 --- [           main] .s.d.r.c.RepositoryConfigurationDelegate : Multiple Spring Data modules found, entering strict repository configuration mode!
2022-07-20 18:31:45.192  INFO 16092 --- [           main] .s.d.r.c.RepositoryConfigurationDelegate : Bootstrapping Spring Data MongoDB repositories in DEFAULT mode.
2022-07-20 18:31:45.196  INFO 16092 --- [           main] .s.d.r.c.RepositoryConfigurationDelegate : Finished Spring Data repository scanning in 3ms. Found 0 MongoDB repository interfaces.
2022-07-20 18:31:45.198  INFO 16092 --- [           main] .s.d.r.c.RepositoryConfigurationDelegate : Multiple Spring Data modules found, entering strict repository configuration mode!
2022-07-20 18:31:45.198  INFO 16092 --- [           main] .s.d.r.c.RepositoryConfigurationDelegate : Bootstrapping Spring Data Redis repositories in DEFAULT mode.
2022-07-20 18:31:45.201  INFO 16092 --- [           main] .s.d.r.c.RepositoryConfigurationDelegate : Finished Spring Data repository scanning in 3ms. Found 0 Redis repository interfaces.
2022-07-20 18:31:45.216  INFO 16092 --- [           main] .b.f.a.ConfigurationBeanBindingRegistrar : The configuration bean definition [name : org.apache.dubbo.config.ApplicationConfig#0, content : Root bean: class [org.apache.dubbo.config.ApplicationConfig]; scope=; abstract=false; lazyInit=null; autowireMode=0; dependencyCheck=0; autowireCandidate=true; primary=false; factoryBeanName=null; factoryMethodName=null; initMethodName=null; destroyMethodName=null] has been registered.
2022-07-20 18:31:45.216  INFO 16092 --- [           main] com.alibaba.spring.util.BeanRegistrar    : The Infrastructure bean definition [Root bean: class [com.alibaba.spring.beans.factory.annotation.ConfigurationBeanBindingPostProcessor]; scope=; abstract=false; lazyInit=null; autowireMode=0; dependencyCheck=0; autowireCandidate=true; primary=false; factoryBeanName=null; factoryMethodName=null; initMethodName=null; destroyMethodName=nullwith name [configurationBeanBindingPostProcessor] has been registered.
2022-07-20 18:31:45.217  INFO 16092 --- [           main] o.s.c.a.ConfigurationClassPostProcessor  : Cannot enhance @Configuration bean definition 'org.apache.dubbo.spring.boot.autoconfigure.DubboAutoConfiguration' since its singleton instance has been created too early. The typical cause is a non-static @Bean method with a BeanDefinitionRegistryPostProcessor return type: Consider declaring such methods as 'static'.
2022-07-20 18:31:45.218  INFO 16092 --- [           main] o.s.cloud.context.scope.GenericScope     : BeanFactory id=06ec3bd0-171d-3232-9265-793b4ec503d4
2022-07-20 18:31:45.277  INFO 16092 --- [           main] trationDelegate$BeanPostProcessorChecker : Bean 'com.alibaba.cloud.dubbo.autoconfigure.DubboOpenFeignAutoConfiguration' of type [com.alibaba.cloud.dubbo.autoconfigure.DubboOpenFeignAutoConfiguration] is not eligible for getting processed by all BeanPostProcessors (for example: not eligible for auto-proxying)
2022-07-20 18:31:45.286  INFO 16092 --- [           main] trationDelegate$BeanPostProcessorChecker : Bean 'dubbo.cloud-com.alibaba.cloud.dubbo.env.DubboCloudProperties' of type [com.alibaba.cloud.dubbo.env.DubboCloudProperties] is not eligible for getting processed by all BeanPostProcessors (for example: not eligible for auto-proxying)
2022-07-20 18:31:45.289  INFO 16092 --- [           main] trationDelegate$BeanPostProcessorChecker : Bean 'com.alibaba.cloud.dubbo.autoconfigure.DubboServiceAutoConfiguration' of type [com.alibaba.cloud.dubbo.autoconfigure.DubboServiceAutoConfiguration] is not eligible for getting processed by all BeanPostProcessors (for example: not eligible for auto-proxying)
2022-07-20 18:31:45.291  INFO 16092 --- [           main] trationDelegate$BeanPostProcessorChecker : Bean 'dubboGenericServiceFactory' of type [com.alibaba.cloud.dubbo.service.DubboGenericServiceFactory] is not eligible for getting processed by all BeanPostProcessors (for example: not eligible for auto-proxying)
2022-07-20 18:31:45.294  INFO 16092 --- [           main] trationDelegate$BeanPostProcessorChecker : Bean 'com.alibaba.cloud.dubbo.util.JSONUtils' of type [com.alibaba.cloud.dubbo.util.JSONUtils] is not eligible for getting processed by all BeanPostProcessors (for example: not eligible for auto-proxying)
2022-07-20 18:31:45.296  INFO 16092 --- [           main] trationDelegate$BeanPostProcessorChecker : Bean 'com.alibaba.cloud.dubbo.util.DubboMetadataUtils' of type [com.alibaba.cloud.dubbo.util.DubboMetadataUtils] is not eligible for getting processed by all BeanPostProcessors (for example: not eligible for auto-proxying)
2022-07-20 18:31:45.301  INFO 16092 --- [           main] trationDelegate$BeanPostProcessorChecker : Bean 'metadataJsonResolver' of type [com.alibaba.cloud.dubbo.metadata.resolver.DubboServiceBeanMetadataResolver] is not eligible for getting processed by all BeanPostProcessors (for example: not eligible for auto-proxying)
2022-07-20 18:31:45.311  INFO 16092 --- [           main] trationDelegate$BeanPostProcessorChecker : Bean 'org.apache.dubbo.spring.boot.autoconfigure.DubboRelaxedBinding2AutoConfiguration' of type [org.apache.dubbo.spring.boot.autoconfigure.DubboRelaxedBinding2AutoConfiguration$$EnhancerBySpringCGLIB$$f016a5be] is not eligible for getting processed by all BeanPostProcessors (for example: not eligible for auto-proxying)
2022-07-20 18:31:45.313  INFO 16092 --- [           main] trationDelegate$BeanPostProcessorChecker : Bean 'relaxedDubboConfigBinder' of type [org.apache.dubbo.spring.boot.autoconfigure.BinderDubboConfigBinder] is not eligible for getting processed by all BeanPostProcessors (for example: not eligible for auto-proxying)
2022-07-20 18:31:45.314  INFO 16092 --- [           main] .a.ConfigurationBeanBindingPostProcessor : The configuration bean [<dubbo:application name="tanhua-app-server" hostname="Coder" qosEnable="false" />] have been binding by the configuration properties [{name=tanhua-app-server, qos-enable=false}]
2022-07-20 18:31:45.314  INFO 16092 --- [           main] trationDelegate$BeanPostProcessorChecker : Bean 'org.apache.dubbo.config.ApplicationConfig#0' of type [org.apache.dubbo.config.ApplicationConfig] is not eligible for getting processed by all BeanPostProcessors (for example: not eligible for auto-proxying)
2022-07-20 18:31:45.316  INFO 16092 --- [           main] trationDelegate$BeanPostProcessorChecker : Bean 'dubboProtocolConfigSupplier' of type [com.alibaba.cloud.dubbo.metadata.DubboProtocolConfigSupplier] is not eligible for getting processed by all BeanPostProcessors (for example: not eligible for auto-proxying)
2022-07-20 18:31:45.317  INFO 16092 --- [           main] trationDelegate$BeanPostProcessorChecker : Bean 'com.alibaba.cloud.dubbo.service.DubboMetadataServiceExporter' of type [com.alibaba.cloud.dubbo.service.DubboMetadataServiceExporter] is not eligible for getting processed by all BeanPostProcessors (for example: not eligible for auto-proxying)
2022-07-20 18:31:45.317  INFO 16092 --- [           main] trationDelegate$BeanPostProcessorChecker : Bean 'com.alibaba.cloud.dubbo.autoconfigure.DubboMetadataAutoConfiguration' of type [com.alibaba.cloud.dubbo.autoconfigure.DubboMetadataAutoConfiguration] is not eligible for getting processed by all BeanPostProcessors (for example: not eligible for auto-proxying)
2022-07-20 18:31:45.318  INFO 16092 --- [           main] trationDelegate$BeanPostProcessorChecker : Bean 'metadataServiceInstanceSelector' of type [com.alibaba.cloud.dubbo.metadata.repository.RandomServiceInstanceSelector] is not eligible for getting processed by all BeanPostProcessors (for example: not eligible for auto-proxying)
2022-07-20 18:31:45.320  INFO 16092 --- [           main] trationDelegate$BeanPostProcessorChecker : Bean 'org.springframework.cloud.client.discovery.composite.CompositeDiscoveryClientAutoConfiguration' of type [org.springframework.cloud.client.discovery.composite.CompositeDiscoveryClientAutoConfiguration] is not eligible for getting processed by all BeanPostProcessors (for example: not eligible for auto-proxying)
2022-07-20 18:31:45.322  INFO 16092 --- [           main] trationDelegate$BeanPostProcessorChecker : Bean 'com.alibaba.cloud.nacos.discovery.NacosDiscoveryClientConfiguration' of type [com.alibaba.cloud.nacos.discovery.NacosDiscoveryClientConfiguration] is not eligible for getting processed by all BeanPostProcessors (for example: not eligible for auto-proxying)
2022-07-20 18:31:45.324  INFO 16092 --- [           main] trationDelegate$BeanPostProcessorChecker : Bean 'com.alibaba.cloud.nacos.discovery.NacosDiscoveryAutoConfiguration' of type [com.alibaba.cloud.nacos.discovery.NacosDiscoveryAutoConfiguration] is not eligible for getting processed by all BeanPostProcessors (for example: not eligible for auto-proxying)
2022-07-20 18:31:45.329  INFO 16092 --- [           main] trationDelegate$BeanPostProcessorChecker : Bean 'org.springframework.cloud.commons.util.UtilAutoConfiguration' of type [org.springframework.cloud.commons.util.UtilAutoConfiguration] is not eligible for getting processed by all BeanPostProcessors (for example: not eligible for auto-proxying)
2022-07-20 18:31:45.332  INFO 16092 --- [           main] trationDelegate$BeanPostProcessorChecker : Bean 'inetUtilsProperties' of type [org.springframework.cloud.commons.util.InetUtilsProperties] is not eligible for getting processed by all BeanPostProcessors (for example: not eligible for auto-proxying)
2022-07-20 18:31:45.334  INFO 16092 --- [           main] trationDelegate$BeanPostProcessorChecker : Bean 'inetUtils' of type [org.springframework.cloud.commons.util.InetUtils] is not eligible for getting processed by all BeanPostProcessors (for example: not eligible for auto-proxying)
2022-07-20 18:31:45.336  INFO 16092 --- [           main] trationDelegate$BeanPostProcessorChecker : Bean 'com.alibaba.cloud.nacos.NacosServiceAutoConfiguration' of type [com.alibaba.cloud.nacos.NacosServiceAutoConfiguration] is not eligible for getting processed by all BeanPostProcessors (for example: not eligible for auto-proxying)
2022-07-20 18:31:45.338  INFO 16092 --- [           main] trationDelegate$BeanPostProcessorChecker : Bean 'nacosServiceManager' of type [com.alibaba.cloud.nacos.NacosServiceManager] is not eligible for getting processed by all BeanPostProcessors (for example: not eligible for auto-proxying)
2022-07-20 18:31:46.831  INFO 16092 --- [           main] o.s.cloud.commons.util.InetUtils         : Cannot determine local hostname
2022-07-20 18:31:46.831  INFO 16092 --- [           main] trationDelegate$BeanPostProcessorChecker : Bean 'nacosProperties' of type [com.alibaba.cloud.nacos.NacosDiscoveryProperties] is not eligible for getting processed by all BeanPostProcessors (for example: not eligible for auto-proxying)
2022-07-20 18:31:46.833  INFO 16092 --- [           main] trationDelegate$BeanPostProcessorChecker : Bean 'nacosServiceDiscovery' of type [com.alibaba.cloud.nacos.discovery.NacosServiceDiscovery] is not eligible for getting processed by all BeanPostProcessors (for example: not eligible for auto-proxying)
2022-07-20 18:31:46.835  INFO 16092 --- [           main] trationDelegate$BeanPostProcessorChecker : Bean 'nacosDiscoveryClient' of type [com.alibaba.cloud.nacos.discovery.NacosDiscoveryClient] is not eligible for getting processed by all BeanPostProcessors (for example: not eligible for auto-proxying)
2022-07-20 18:31:46.840  INFO 16092 --- [           main] trationDelegate$BeanPostProcessorChecker : Bean 'server-org.springframework.boot.autoconfigure.web.ServerProperties' of type [org.springframework.boot.autoconfigure.web.ServerProperties] is not eligible for getting processed by all BeanPostProcessors (for example: not eligible for auto-proxying)
2022-07-20 18:31:46.840  INFO 16092 --- [           main] trationDelegate$BeanPostProcessorChecker : Bean 'org.springframework.cloud.client.discovery.simple.SimpleDiscoveryClientAutoConfiguration' of type [org.springframework.cloud.client.discovery.simple.SimpleDiscoveryClientAutoConfiguration] is not eligible for getting processed by all BeanPostProcessors (for example: not eligible for auto-proxying)
2022-07-20 18:31:47.870  INFO 16092 --- [g.push.receiver] com.alibaba.nacos.client.naming          : received push data: {"type":"dom","data":"{\"name\":\"DEFAULT_GROUP@@tanhua-dubbo-db\",\"clusters\":\"\",\"cacheMillis\":10000,\"hosts\":[{\"instanceId\":\"192.168.192.1#18081#DEFAULT#DEFAULT_GROUP@@tanhua-dubbo-db\",\"ip\":\"192.168.192.1\",\"port\":18081,\"weight\":1.0,\"healthy\":true,\"enabled\":true,\"ephemeral\":true,\"clusterName\":\"DEFAULT\",\"serviceName\":\"DEFAULT_GROUP@@tanhua-dubbo-db\",\"metadata\":{\"dubbo.metadata-service.urls\":\"[ \\\"dubbo://192.168.136.1:20881/com.alibaba.cloud.dubbo.service.DubboMetadataService?anyhost=true&application=tanhua-dubbo-db&bind.ip=192.168.136.1&bind.port=20881&deprecated=false&dubbo=2.0.2&dynamic=true&generic=false&group=tanhua-dubbo-db&interface=com.alibaba.cloud.dubbo.service.DubboMetadataService&methods=getAllServiceKeys,getServiceRestMetadata,getExportedURLs,getAllExportedURLs&pid=8996&qos.enable=false&release=2.7.8&revision=2.2.5.RELEASE&side=provider&timestamp=1658312581951&version=1.0.0\\\" ]\",\"preserved.register.source\":\"SPRING_CLOUD\",\"dubbo.protocols.dubbo.port\":\"20881\"},\"instanceHeartBeatInterval\":5000,\"ipDeleteTimeout\":30000,\"instanceHeartBeatTimeOut\":15000}],\"lastRefTime\":1658313107314,\"checksum\":\"\",\"allIPs\":false,\"reachProtectionThreshold\":false,\"valid\":true}","lastRefTime":652771604304} from /192.168.136.160
2022-07-20 18:31:48.335  INFO 16092 --- [           main] o.s.cloud.commons.util.InetUtils         : Cannot determine local hostname
2022-07-20 18:31:48.336  INFO 16092 --- [           main] trationDelegate$BeanPostProcessorChecker : Bean 'simpleDiscoveryProperties' of type [org.springframework.cloud.client.discovery.simple.SimpleDiscoveryProperties] is not eligible for getting processed by all BeanPostProcessors (for example: not eligible for auto-proxying)
2022-07-20 18:31:48.338  INFO 16092 --- [           main] trationDelegate$BeanPostProcessorChecker : Bean 'simpleDiscoveryClient' of type [org.springframework.cloud.client.discovery.simple.SimpleDiscoveryClient] is not eligible for getting processed by all BeanPostProcessors (for example: not eligible for auto-proxying)
2022-07-20 18:31:48.340  INFO 16092 --- [           main] trationDelegate$BeanPostProcessorChecker : Bean 'compositeDiscoveryClient' of type [org.springframework.cloud.client.discovery.composite.CompositeDiscoveryClient] is not eligible for getting processed by all BeanPostProcessors (for example: not eligible for auto-proxying)
2022-07-20 18:31:48.343  INFO 16092 --- [           main] trationDelegate$BeanPostProcessorChecker : Bean 'com.alibaba.cloud.dubbo.service.DubboMetadataServiceProxy' of type [com.alibaba.cloud.dubbo.service.DubboMetadataServiceProxy] is not eligible for getting processed by all BeanPostProcessors (for example: not eligible for auto-proxying)
2022-07-20 18:31:48.345  INFO 16092 --- [           main] com.alibaba.nacos.client.naming          : initializer namespace from System Property :null
2022-07-20 18:31:48.345  INFO 16092 --- [           main] com.alibaba.nacos.client.naming          : initializer namespace from System Environment :null
2022-07-20 18:31:48.346  INFO 16092 --- [           main] com.alibaba.nacos.client.naming          : initializer namespace from System Property :null
2022-07-20 18:31:48.349  WARN 16092 --- [           main] a.c.d.m.r.DubboServiceMetadataRepository : Current application will subscribe all services(size:4) in registry, a lot of memory and CPU cycles may be used, thus it's strongly recommend you using the externalized property 'dubbo.cloud.subscribed-services' to specify the services
2022-07-20 18:31:48.349  INFO 16092 --- [           main] trationDelegate$BeanPostProcessorChecker : Bean 'com.alibaba.cloud.dubbo.metadata.repository.DubboServiceMetadataRepository' of type [com.alibaba.cloud.dubbo.metadata.repository.DubboServiceMetadataRepository] is not eligible for getting processed by all BeanPostProcessors (for example: not eligible for auto-proxying)
2022-07-20 18:31:48.357  INFO 16092 --- [           main] trationDelegate$BeanPostProcessorChecker : Bean 'com.alibaba.cloud.dubbo.service.parameter.RequestParamServiceParameterResolver' of type [com.alibaba.cloud.dubbo.service.parameter.RequestParamServiceParameterResolver] is not eligible for getting processed by all BeanPostProcessors (for example: not eligible for auto-proxying)
2022-07-20 18:31:48.363  INFO 16092 --- [           main] trationDelegate$BeanPostProcessorChecker : Bean 'org.springframework.boot.autoconfigure.http.HttpMessageConvertersAutoConfiguration' of type [org.springframework.boot.autoconfigure.http.HttpMessageConvertersAutoConfiguration] is not eligible for getting processed by all BeanPostProcessors (for example: not eligible for auto-proxying)
2022-07-20 18:31:48.366  INFO 16092 --- [           main] trationDelegate$BeanPostProcessorChecker : Bean 'org.springframework.boot.autoconfigure.http.HttpMessageConvertersAutoConfiguration$StringHttpMessageConverterConfiguration' of type [org.springframework.boot.autoconfigure.http.HttpMessageConvertersAutoConfiguration$StringHttpMessageConverterConfiguration] is not eligible for getting processed by all BeanPostProcessors (for example: not eligible for auto-proxying)
2022-07-20 18:31:48.370  INFO 16092 --- [           main] trationDelegate$BeanPostProcessorChecker : Bean 'stringHttpMessageConverter' of type [org.springframework.http.converter.StringHttpMessageConverter] is not eligible for getting processed by all BeanPostProcessors (for example: not eligible for auto-proxying)
2022-07-20 18:31:48.373  INFO 16092 --- [           main] trationDelegate$BeanPostProcessorChecker : Bean 'org.springframework.boot.autoconfigure.http.JacksonHttpMessageConvertersConfiguration$MappingJackson2HttpMessageConverterConfiguration' of type [org.springframework.boot.autoconfigure.http.JacksonHttpMessageConvertersConfiguration$MappingJackson2HttpMessageConverterConfiguration] is not eligible for getting processed by all BeanPostProcessors (for example: not eligible for auto-proxying)
2022-07-20 18:31:48.375  INFO 16092 --- [           main] trationDelegate$BeanPostProcessorChecker : Bean 'org.springframework.boot.autoconfigure.jackson.JacksonAutoConfiguration$JacksonObjectMapperConfiguration' of type [org.springframework.boot.autoconfigure.jackson.JacksonAutoConfiguration$JacksonObjectMapperConfiguration] is not eligible for getting processed by all BeanPostProcessors (for example: not eligible for auto-proxying)
2022-07-20 18:31:48.377  INFO 16092 --- [           main] trationDelegate$BeanPostProcessorChecker : Bean 'org.springframework.boot.autoconfigure.jackson.JacksonAutoConfiguration$JacksonObjectMapperBuilderConfiguration' of type [org.springframework.boot.autoconfigure.jackson.JacksonAutoConfiguration$JacksonObjectMapperBuilderConfiguration] is not eligible for getting processed by all BeanPostProcessors (for example: not eligible for auto-proxying)
2022-07-20 18:31:48.379  INFO 16092 --- [           main] trationDelegate$BeanPostProcessorChecker : Bean 'org.springframework.boot.autoconfigure.jackson.JacksonAutoConfiguration$Jackson2ObjectMapperBuilderCustomizerConfiguration' of type [org.springframework.boot.autoconfigure.jackson.JacksonAutoConfiguration$Jackson2ObjectMapperBuilderCustomizerConfiguration] is not eligible for getting processed by all BeanPostProcessors (for example: not eligible for auto-proxying)
2022-07-20 18:31:48.383  INFO 16092 --- [           main] trationDelegate$BeanPostProcessorChecker : Bean 'spring.jackson-org.springframework.boot.autoconfigure.jackson.JacksonProperties' of type [org.springframework.boot.autoconfigure.jackson.JacksonProperties] is not eligible for getting processed by all BeanPostProcessors (for example: not eligible for auto-proxying)
2022-07-20 18:31:48.386  INFO 16092 --- [           main] trationDelegate$BeanPostProcessorChecker : Bean 'standardJacksonObjectMapperBuilderCustomizer' of type [org.springframework.boot.autoconfigure.jackson.JacksonAutoConfiguration$Jackson2ObjectMapperBuilderCustomizerConfiguration$StandardJackson2ObjectMapperBuilderCustomizer] is not eligible for getting processed by all BeanPostProcessors (for example: not eligible for auto-proxying)
2022-07-20 18:31:48.388  INFO 16092 --- [           main] trationDelegate$BeanPostProcessorChecker : Bean 'org.springframework.boot.autoconfigure.jackson.JacksonAutoConfiguration$ParameterNamesModuleConfiguration' of type [org.springframework.boot.autoconfigure.jackson.JacksonAutoConfiguration$ParameterNamesModuleConfiguration] is not eligible for getting processed by all BeanPostProcessors (for example: not eligible for auto-proxying)
2022-07-20 18:31:48.389  INFO 16092 --- [           main] trationDelegate$BeanPostProcessorChecker : Bean 'parameterNamesModule' of type [com.fasterxml.jackson.module.paramnames.ParameterNamesModule] is not eligible for getting processed by all BeanPostProcessors (for example: not eligible for auto-proxying)
2022-07-20 18:31:48.391  INFO 16092 --- [           main] trationDelegate$BeanPostProcessorChecker : Bean 'org.springframework.boot.autoconfigure.jackson.JacksonAutoConfiguration' of type [org.springframework.boot.autoconfigure.jackson.JacksonAutoConfiguration] is not eligible for getting processed by all BeanPostProcessors (for example: not eligible for auto-proxying)
2022-07-20 18:31:48.396  INFO 16092 --- [           main] trationDelegate$BeanPostProcessorChecker : Bean 'jsonComponentModule' of type [org.springframework.boot.jackson.JsonComponentModule] is not eligible for getting processed by all BeanPostProcessors (for example: not eligible for auto-proxying)
2022-07-20 18:31:48.398  INFO 16092 --- [           main] trationDelegate$BeanPostProcessorChecker : Bean 'org.springframework.data.web.config.SpringDataJacksonConfiguration' of type [org.springframework.data.web.config.SpringDataJacksonConfiguration] is not eligible for getting processed by all BeanPostProcessors (for example: not eligible for auto-proxying)
2022-07-20 18:31:48.400  INFO 16092 --- [           main] trationDelegate$BeanPostProcessorChecker : Bean 'jacksonGeoModule' of type [org.springframework.data.geo.GeoModule] is not eligible for getting processed by all BeanPostProcessors (for example: not eligible for auto-proxying)
2022-07-20 18:31:48.402  INFO 16092 --- [           main] trationDelegate$BeanPostProcessorChecker : Bean 'org.springframework.data.mongodb.config.GeoJsonConfiguration' of type [org.springframework.data.mongodb.config.GeoJsonConfiguration] is not eligible for getting processed by all BeanPostProcessors (for example: not eligible for auto-proxying)
2022-07-20 18:31:48.404  INFO 16092 --- [           main] trationDelegate$BeanPostProcessorChecker : Bean 'geoJsonModule' of type [org.springframework.data.mongodb.core.geo.GeoJsonModule] is not eligible for getting processed by all BeanPostProcessors (for example: not eligible for auto-proxying)
2022-07-20 18:31:48.407  INFO 16092 --- [           main] trationDelegate$BeanPostProcessorChecker : Bean 'jacksonObjectMapperBuilder' of type [org.springframework.http.converter.json.Jackson2ObjectMapperBuilder] is not eligible for getting processed by all BeanPostProcessors (for example: not eligible for auto-proxying)
2022-07-20 18:31:48.411  INFO 16092 --- [           main] trationDelegate$BeanPostProcessorChecker : Bean 'jacksonObjectMapper' of type [com.fasterxml.jackson.databind.ObjectMapper] is not eligible for getting processed by all BeanPostProcessors (for example: not eligible for auto-proxying)
2022-07-20 18:31:48.419  INFO 16092 --- [           main] trationDelegate$BeanPostProcessorChecker : Bean 'mappingJackson2HttpMessageConverter' of type [org.springframework.http.converter.json.MappingJackson2HttpMessageConverter] is not eligible for getting processed by all BeanPostProcessors (for example: not eligible for auto-proxying)
2022-07-20 18:31:48.425  INFO 16092 --- [           main] trationDelegate$BeanPostProcessorChecker : Bean 'messageConverters' of type [org.springframework.boot.autoconfigure.http.HttpMessageConverters] is not eligible for getting processed by all BeanPostProcessors (for example: not eligible for auto-proxying)
2022-07-20 18:31:48.425  INFO 16092 --- [           main] trationDelegate$BeanPostProcessorChecker : Bean 'com.alibaba.cloud.dubbo.service.parameter.RequestBodyServiceParameterResolver' of type [com.alibaba.cloud.dubbo.service.parameter.RequestBodyServiceParameterResolver] is not eligible for getting processed by all BeanPostProcessors (for example: not eligible for auto-proxying)
2022-07-20 18:31:48.430  INFO 16092 --- [           main] trationDelegate$BeanPostProcessorChecker : Bean 'com.alibaba.cloud.dubbo.service.parameter.RequestHeaderServiceParameterResolver' of type [com.alibaba.cloud.dubbo.service.parameter.RequestHeaderServiceParameterResolver] is not eligible for getting processed by all BeanPostProcessors (for example: not eligible for auto-proxying)
2022-07-20 18:31:48.434  INFO 16092 --- [           main] trationDelegate$BeanPostProcessorChecker : Bean 'com.alibaba.cloud.dubbo.service.parameter.PathVariableServiceParameterResolver' of type [com.alibaba.cloud.dubbo.service.parameter.PathVariableServiceParameterResolver] is not eligible for getting processed by all BeanPostProcessors (for example: not eligible for auto-proxying)
2022-07-20 18:31:48.434  INFO 16092 --- [           main] trationDelegate$BeanPostProcessorChecker : Bean 'com.alibaba.cloud.dubbo.service.DubboGenericServiceExecutionContextFactory' of type [com.alibaba.cloud.dubbo.service.DubboGenericServiceExecutionContextFactory] is not eligible for getting processed by all BeanPostProcessors (for example: not eligible for auto-proxying)
2022-07-20 18:31:48.465  INFO 16092 --- [           main] o.a.d.c.s.b.f.a.ReferenceBeanBuilder     : The configBean[type:ReferenceBean] has been built.
2022-07-20 18:31:48.467  INFO 16092 --- [           main] c.a.c.d.s.DubboMetadataServiceProxy      : The metadata of Dubbo service[name : tanhua-dubbo-db] is about to be initialized
2022-07-20 18:31:48.468  WARN 16092 --- [           main] o.s.w.c.s.GenericWebApplicationContext   : Exception encountered during context initialization - cancelling refresh attempt: org.springframework.beans.factory.UnsatisfiedDependencyException: Error creating bean with name 'baiduController': Unsatisfied dependency expressed through field 'baiduService'; nested exception is org.springframework.beans.factory.BeanCreationException: Error creating bean with name 'baiduService': Injection of @DubboReference dependencies is failed; nested exception is java.lang.IllegalStateException: Failed to subscribe consumer://192.168.136.1/com.tanhua.dubbo.api.UserLocationApi?application=tanhua-app-server&category=providers,configurators,routers&dubbo=2.0.2&init=false&interface=com.tanhua.dubbo.api.UserLocationApi&methods=updateLocation,queryNewUser&pid=16092&qos.enable=false&release=2.7.8&revision=1.0-SNAPSHOT&side=consumer&sticky=false&timestamp=1658313108466, cause: Error creating bean with name 'com.alibaba.cloud.dubbo.autoconfigure.DubboServiceRegistrationAutoConfiguration': Initialization of bean failed; nested exception is org.springframework.beans.factory.BeanCreationException: Error creating bean with name 'com.alibaba.cloud.dubbo.metadata.repository.DubboServiceMetadataRepository': Initialization of bean failed; nested exception is org.springframework.boot.context.properties.ConfigurationPropertiesBindException: Error creating bean with name 'dubbo.cloud-com.alibaba.cloud.dubbo.env.DubboCloudProperties': Could not bind properties to 'DubboCloudProperties' : prefix=dubbo.cloud, ignoreInvalidFields=false, ignoreUnknownFields=true; nested exception is java.lang.IllegalStateException: org.springframework.web.context.support.GenericWebApplicationContext@a567e72 has not been refreshed yet
2022-07-20 18:31:48.468  INFO 16092 --- [           main] c.a.c.d.s.DubboGenericServiceFactory     : The Dubbo GenericService ReferenceBeans are destroying...
2022-07-20 18:31:48.468  INFO 16092 --- [           main] f.a.ReferenceAnnotationBeanPostProcessor : class org.apache.dubbo.config.spring.beans.factory.annotation.ReferenceAnnotationBeanPostProcessor was destroying!
2022-07-20 18:31:48.470  INFO 16092 --- [           main] ConditionEvaluationReportLoggingListener : 

Error starting ApplicationContext. To display the conditions report re-run your application with 'debug' enabled.
2022-07-20 18:31:48.472 ERROR 16092 --- [           main] o.s.boot.SpringApplication               : Application run failed

org.springframework.beans.factory.UnsatisfiedDependencyException: Error creating bean with name 'baiduController': Unsatisfied dependency expressed through field 'baiduService'; nested exception is org.springframework.beans.factory.BeanCreationException: Error creating bean with name 'baiduService': Injection of @DubboReference dependencies is failed; nested exception is java.lang.IllegalStateException: Failed to subscribe consumer://192.168.136.1/com.tanhua.dubbo.api.UserLocationApi?application=tanhua-app-server&category=providers,configurators,routers&dubbo=2.0.2&init=false&interface=com.tanhua.dubbo.api.UserLocationApi&methods=updateLocation,queryNewUser&pid=16092&qos.enable=false&release=2.7.8&revision=1.0-SNAPSHOT&side=consumer&sticky=false&timestamp=1658313108466, cause: Error creating bean with name 'com.alibaba.cloud.dubbo.autoconfigure.DubboServiceRegistrationAutoConfiguration': Initialization of bean failed; nested exception is org.springframework.beans.factory.BeanCreationException: Error creating bean with name 'com.alibaba.cloud.dubbo.metadata.repository.DubboServiceMetadataRepository': Initialization of bean failed; nested exception is org.springframework.boot.context.properties.ConfigurationPropertiesBindException: Error creating bean with name 'dubbo.cloud-com.alibaba.cloud.dubbo.env.DubboCloudProperties': Could not bind properties to 'DubboCloudProperties' : prefix=dubbo.cloud, ignoreInvalidFields=false, ignoreUnknownFields=true; nested exception is java.lang.IllegalStateException: org.springframework.web.context.support.GenericWebApplicationContext@a567e72 has not been refreshed yet
	at org.springframework.beans.factory.annotation.AutowiredAnnotationBeanPostProcessor$AutowiredFieldElement.resolveFieldValue(AutowiredAnnotationBeanPostProcessor.java:660) ~[spring-beans-5.2.13.RELEASE.jar:5.2.13.RELEASE]
	at org.springframework.beans.factory.annotation.AutowiredAnnotationBeanPostProcessor$AutowiredFieldElement.inject(AutowiredAnnotationBeanPostProcessor.java:640) ~[spring-beans-5.2.13.RELEASE.jar:5.2.13.RELEASE]
	at org.springframework.beans.factory.annotation.InjectionMetadata.inject(InjectionMetadata.java:119) ~[spring-beans-5.2.13.RELEASE.jar:5.2.13.RELEASE]
	at org.springframework.beans.factory.annotation.AutowiredAnnotationBeanPostProcessor.postProcessProperties(AutowiredAnnotationBeanPostProcessor.java:399) ~[spring-beans-5.2.13.RELEASE.jar:5.2.13.RELEASE]
	at org.springframework.beans.factory.support.AbstractAutowireCapableBeanFactory.populateBean(AbstractAutowireCapableBeanFactory.java:1425) ~[spring-beans-5.2.13.RELEASE.jar:5.2.13.RELEASE]
	at org.springframework.beans.factory.support.AbstractAutowireCapableBeanFactory.doCreateBean(AbstractAutowireCapableBeanFactory.java:593) ~[spring-beans-5.2.13.RELEASE.jar:5.2.13.RELEASE]
	at org.springframework.beans.factory.support.AbstractAutowireCapableBeanFactory.createBean(AbstractAutowireCapableBeanFactory.java:516) ~[spring-beans-5.2.13.RELEASE.jar:5.2.13.RELEASE]
	at org.springframework.beans.factory.support.AbstractBeanFactory.lambda$doGetBean$0(AbstractBeanFactory.java:324) ~[spring-beans-5.2.13.RELEASE.jar:5.2.13.RELEASE]
	at org.springframework.beans.factory.support.DefaultSingletonBeanRegistry.getSingleton(DefaultSingletonBeanRegistry.java:234) ~[spring-beans-5.2.13.RELEASE.jar:5.2.13.RELEASE]
	at org.springframework.beans.factory.support.AbstractBeanFactory.doGetBean(AbstractBeanFactory.java:322) ~[spring-beans-5.2.13.RELEASE.jar:5.2.13.RELEASE]
	at org.springframework.beans.factory.support.AbstractBeanFactory.getBean(AbstractBeanFactory.java:202) ~[spring-beans-5.2.13.RELEASE.jar:5.2.13.RELEASE]
	at org.springframework.beans.factory.support.DefaultListableBeanFactory.preInstantiateSingletons(DefaultListableBeanFactory.java:897) ~[spring-beans-5.2.13.RELEASE.jar:5.2.13.RELEASE]
	at org.springframework.context.support.AbstractApplicationContext.finishBeanFactoryInitialization(AbstractApplicationContext.java:879) ~[spring-context-5.2.13.RELEASE.jar:5.2.13.RELEASE]
	at org.springframework.context.support.AbstractApplicationContext.refresh(AbstractApplicationContext.java:551) ~[spring-context-5.2.13.RELEASE.jar:5.2.13.RELEASE]
	at org.springframework.boot.SpringApplication.refresh(SpringApplication.java:758) ~[spring-boot-2.3.9.RELEASE.jar:2.3.9.RELEASE]
	at org.springframework.boot.SpringApplication.refresh(SpringApplication.java:750) ~[spring-boot-2.3.9.RELEASE.jar:2.3.9.RELEASE]
	at org.springframework.boot.SpringApplication.refreshContext(SpringApplication.java:405) ~[spring-boot-2.3.9.RELEASE.jar:2.3.9.RELEASE]
	at org.springframework.boot.SpringApplication.run(SpringApplication.java:315) ~[spring-boot-2.3.9.RELEASE.jar:2.3.9.RELEASE]
	at org.springframework.boot.test.context.SpringBootContextLoader.loadContext(SpringBootContextLoader.java:120) [spring-boot-test-2.3.9.RELEASE.jar:2.3.9.RELEASE]
	at org.springframework.test.context.cache.DefaultCacheAwareContextLoaderDelegate.loadContextInternal(DefaultCacheAwareContextLoaderDelegate.java:99) [spring-test-5.2.13.RELEASE.jar:5.2.13.RELEASE]
	at org.springframework.test.context.cache.DefaultCacheAwareContextLoaderDelegate.loadContext(DefaultCacheAwareContextLoaderDelegate.java:124) [spring-test-5.2.13.RELEASE.jar:5.2.13.RELEASE]
	at org.springframework.test.context.support.DefaultTestContext.getApplicationContext(DefaultTestContext.java:123) [spring-test-5.2.13.RELEASE.jar:5.2.13.RELEASE]
	at org.springframework.test.context.web.ServletTestExecutionListener.setUpRequestContextIfNecessary(ServletTestExecutionListener.java:190) [spring-test-5.2.13.RELEASE.jar:5.2.13.RELEASE]
	at org.springframework.test.context.web.ServletTestExecutionListener.prepareTestInstance(ServletTestExecutionListener.java:132) [spring-test-5.2.13.RELEASE.jar:5.2.13.RELEASE]
	at org.springframework.test.context.TestContextManager.prepareTestInstance(TestContextManager.java:244) [spring-test-5.2.13.RELEASE.jar:5.2.13.RELEASE]
	at org.springframework.test.context.junit4.SpringJUnit4ClassRunner.createTest(SpringJUnit4ClassRunner.java:227) [spring-test-5.2.13.RELEASE.jar:5.2.13.RELEASE]
	at org.springframework.test.context.junit4.SpringJUnit4ClassRunner$1.runReflectiveCall(SpringJUnit4ClassRunner.java:289) [spring-test-5.2.13.RELEASE.jar:5.2.13.RELEASE]
	at org.junit.internal.runners.model.ReflectiveCallable.run(ReflectiveCallable.java:12) [junit-4.12.jar:4.12]
	at org.springframework.test.context.junit4.SpringJUnit4ClassRunner.methodBlock(SpringJUnit4ClassRunner.java:291) [spring-test-5.2.13.RELEASE.jar:5.2.13.RELEASE]
	at org.springframework.test.context.junit4.SpringJUnit4ClassRunner.runChild(SpringJUnit4ClassRunner.java:246) [spring-test-5.2.13.RELEASE.jar:5.2.13.RELEASE]
	at org.springframework.test.context.junit4.SpringJUnit4ClassRunner.runChild(SpringJUnit4ClassRunner.java:97) [spring-test-5.2.13.RELEASE.jar:5.2.13.RELEASE]
	at org.junit.runners.ParentRunner$3.run(ParentRunner.java:290) [junit-4.12.jar:4.12]
	at org.junit.runners.ParentRunner$1.schedule(ParentRunner.java:71) [junit-4.12.jar:4.12]
	at org.junit.runners.ParentRunner.runChildren(ParentRunner.java:288) [junit-4.12.jar:4.12]
	at org.junit.runners.ParentRunner.access$000(ParentRunner.java:58) [junit-4.12.jar:4.12]
	at org.junit.runners.ParentRunner$2.evaluate(ParentRunner.java:268) [junit-4.12.jar:4.12]
	at org.springframework.test.context.junit4.statements.RunBeforeTestClassCallbacks.evaluate(RunBeforeTestClassCallbacks.java:61) [spring-test-5.2.13.RELEASE.jar:5.2.13.RELEASE]
	at org.springframework.test.context.junit4.statements.RunAfterTestClassCallbacks.evaluate(RunAfterTestClassCallbacks.java:70) [spring-test-5.2.13.RELEASE.jar:5.2.13.RELEASE]
	at org.junit.runners.ParentRunner.run(ParentRunner.java:363) [junit-4.12.jar:4.12]
	at org.springframework.test.context.junit4.SpringJUnit4ClassRunner.run(SpringJUnit4ClassRunner.java:190) [spring-test-5.2.13.RELEASE.jar:5.2.13.RELEASE]
	at org.junit.runner.JUnitCore.run(JUnitCore.java:137) [junit-4.12.jar:4.12]
	at org.junit.runner.JUnitCore.run(JUnitCore.java:115) [junit-4.12.jar:4.12]
	at org.junit.vintage.engine.execution.RunnerExecutor.execute(RunnerExecutor.java:43) [junit-vintage-engine-5.6.3.jar:5.6.3]
	at java.util.stream.ForEachOps$ForEachOp$OfRef.accept(ForEachOps.java:184) ~[na:1.8.0_171]
	at java.util.stream.ReferencePipeline$3$1.accept(ReferencePipeline.java:193) ~[na:1.8.0_171]
	at java.util.Iterator.forEachRemaining(Iterator.java:116) ~[na:1.8.0_171]
	at java.util.Spliterators$IteratorSpliterator.forEachRemaining(Spliterators.java:1801) ~[na:1.8.0_171]
	at java.util.stream.AbstractPipeline.copyInto(AbstractPipeline.java:481) ~[na:1.8.0_171]
	at java.util.stream.AbstractPipeline.wrapAndCopyInto(AbstractPipeline.java:471) ~[na:1.8.0_171]
	at java.util.stream.ForEachOps$ForEachOp.evaluateSequential(ForEachOps.java:151) ~[na:1.8.0_171]
	at java.util.stream.ForEachOps$ForEachOp$OfRef.evaluateSequential(ForEachOps.java:174) ~[na:1.8.0_171]
	at java.util.stream.AbstractPipeline.evaluate(AbstractPipeline.java:234) ~[na:1.8.0_171]
	at java.util.stream.ReferencePipeline.forEach(ReferencePipeline.java:418) ~[na:1.8.0_171]
	at org.junit.vintage.engine.VintageTestEngine.executeAllChildren(VintageTestEngine.java:82) ~[junit-vintage-engine-5.6.3.jar:5.6.3]
	at org.junit.vintage.engine.VintageTestEngine.execute(VintageTestEngine.java:73) ~[junit-vintage-engine-5.6.3.jar:5.6.3]
	at org.junit.platform.launcher.core.DefaultLauncher.execute(DefaultLauncher.java:220) ~[junit-platform-launcher-1.3.1.jar:1.3.1]
	at org.junit.platform.launcher.core.DefaultLauncher.lambda$execute$6(DefaultLauncher.java:188) ~[junit-platform-launcher-1.3.1.jar:1.3.1]
	at org.junit.platform.launcher.core.DefaultLauncher.withInterceptedStreams(DefaultLauncher.java:202) ~[junit-platform-launcher-1.3.1.jar:1.3.1]
	at org.junit.platform.launcher.core.DefaultLauncher.execute(DefaultLauncher.java:181) ~[junit-platform-launcher-1.3.1.jar:1.3.1]
	at org.junit.platform.launcher.core.DefaultLauncher.execute(DefaultLauncher.java:128) ~[junit-platform-launcher-1.3.1.jar:1.3.1]
	at org.apache.maven.surefire.junitplatform.JUnitPlatformProvider.invokeAllTests(JUnitPlatformProvider.java:150) ~[surefire-junit-platform-2.22.2.jar:2.22.2]
	at org.apache.maven.surefire.junitplatform.JUnitPlatformProvider.invoke(JUnitPlatformProvider.java:124) ~[surefire-junit-platform-2.22.2.jar:2.22.2]
	at org.apache.maven.surefire.booter.ForkedBooter.invokeProviderInSameClassLoader(ForkedBooter.java:384) ~[surefire-booter-2.22.2.jar:2.22.2]
	at org.apache.maven.surefire.booter.ForkedBooter.runSuitesInProcess(ForkedBooter.java:345) ~[surefire-booter-2.22.2.jar:2.22.2]
	at org.apache.maven.surefire.booter.ForkedBooter.execute(ForkedBooter.java:126) ~[surefire-booter-2.22.2.jar:2.22.2]
	at org.apache.maven.surefire.booter.ForkedBooter.main(ForkedBooter.java:418) ~[surefire-booter-2.22.2.jar:2.22.2]
Caused by: org.springframework.beans.factory.BeanCreationException: Error creating bean with name 'baiduService': Injection of @DubboReference dependencies is failed; nested exception is java.lang.IllegalStateException: Failed to subscribe consumer://192.168.136.1/com.tanhua.dubbo.api.UserLocationApi?application=tanhua-app-server&category=providers,configurators,routers&dubbo=2.0.2&init=false&interface=com.tanhua.dubbo.api.UserLocationApi&methods=updateLocation,queryNewUser&pid=16092&qos.enable=false&release=2.7.8&revision=1.0-SNAPSHOT&side=consumer&sticky=false&timestamp=1658313108466, cause: Error creating bean with name 'com.alibaba.cloud.dubbo.autoconfigure.DubboServiceRegistrationAutoConfiguration': Initialization of bean failed; nested exception is org.springframework.beans.factory.BeanCreationException: Error creating bean with name 'com.alibaba.cloud.dubbo.metadata.repository.DubboServiceMetadataRepository': Initialization of bean failed; nested exception is org.springframework.boot.context.properties.ConfigurationPropertiesBindException: Error creating bean with name 'dubbo.cloud-com.alibaba.cloud.dubbo.env.DubboCloudProperties': Could not bind properties to 'DubboCloudProperties' : prefix=dubbo.cloud, ignoreInvalidFields=false, ignoreUnknownFields=true; nested exception is java.lang.IllegalStateException: org.springframework.web.context.support.GenericWebApplicationContext@a567e72 has not been refreshed yet
	at com.alibaba.spring.beans.factory.annotation.AbstractAnnotationBeanPostProcessor.postProcessPropertyValues(AbstractAnnotationBeanPostProcessor.java:149) ~[spring-context-support-1.0.10.jar:na]
	at org.springframework.beans.factory.support.AbstractAutowireCapableBeanFactory.populateBean(AbstractAutowireCapableBeanFactory.java:1430) ~[spring-beans-5.2.13.RELEASE.jar:5.2.13.RELEASE]
	at org.springframework.beans.factory.support.AbstractAutowireCapableBeanFactory.doCreateBean(AbstractAutowireCapableBeanFactory.java:593) ~[spring-beans-5.2.13.RELEASE.jar:5.2.13.RELEASE]
	at org.springframework.beans.factory.support.AbstractAutowireCapableBeanFactory.createBean(AbstractAutowireCapableBeanFactory.java:516) ~[spring-beans-5.2.13.RELEASE.jar:5.2.13.RELEASE]
	at org.springframework.beans.factory.support.AbstractBeanFactory.lambda$doGetBean$0(AbstractBeanFactory.java:324) ~[spring-beans-5.2.13.RELEASE.jar:5.2.13.RELEASE]
	at org.springframework.beans.factory.support.DefaultSingletonBeanRegistry.getSingleton(DefaultSingletonBeanRegistry.java:234) ~[spring-beans-5.2.13.RELEASE.jar:5.2.13.RELEASE]
	at org.springframework.beans.factory.support.AbstractBeanFactory.doGetBean(AbstractBeanFactory.java:322) ~[spring-beans-5.2.13.RELEASE.jar:5.2.13.RELEASE]
	at org.springframework.beans.factory.support.AbstractBeanFactory.getBean(AbstractBeanFactory.java:202) ~[spring-beans-5.2.13.RELEASE.jar:5.2.13.RELEASE]
	at org.springframework.beans.factory.config.DependencyDescriptor.resolveCandidate(DependencyDescriptor.java:276) ~[spring-beans-5.2.13.RELEASE.jar:5.2.13.RELEASE]
	at org.springframework.beans.factory.support.DefaultListableBeanFactory.doResolveDependency(DefaultListableBeanFactory.java:1307) ~[spring-beans-5.2.13.RELEASE.jar:5.2.13.RELEASE]
	at org.springframework.beans.factory.support.DefaultListableBeanFactory.resolveDependency(DefaultListableBeanFactory.java:1227) ~[spring-beans-5.2.13.RELEASE.jar:5.2.13.RELEASE]
	at org.springframework.beans.factory.annotation.AutowiredAnnotationBeanPostProcessor$AutowiredFieldElement.resolveFieldValue(AutowiredAnnotationBeanPostProcessor.java:657) ~[spring-beans-5.2.13.RELEASE.jar:5.2.13.RELEASE]
	... 65 common frames omitted
Caused by: java.lang.IllegalStateException: Failed to subscribe consumer://192.168.136.1/com.tanhua.dubbo.api.UserLocationApi?application=tanhua-app-server&category=providers,configurators,routers&dubbo=2.0.2&init=false&interface=com.tanhua.dubbo.api.UserLocationApi&methods=updateLocation,queryNewUser&pid=16092&qos.enable=false&release=2.7.8&revision=1.0-SNAPSHOT&side=consumer&sticky=false&timestamp=1658313108466, cause: Error creating bean with name 'com.alibaba.cloud.dubbo.autoconfigure.DubboServiceRegistrationAutoConfiguration': Initialization of bean failed; nested exception is org.springframework.beans.factory.BeanCreationException: Error creating bean with name 'com.alibaba.cloud.dubbo.metadata.repository.DubboServiceMetadataRepository': Initialization of bean failed; nested exception is org.springframework.boot.context.properties.ConfigurationPropertiesBindException: Error creating bean with name 'dubbo.cloud-com.alibaba.cloud.dubbo.env.DubboCloudProperties': Could not bind properties to 'DubboCloudProperties' : prefix=dubbo.cloud, ignoreInvalidFields=false, ignoreUnknownFields=true; nested exception is java.lang.IllegalStateException: org.springframework.web.context.support.GenericWebApplicationContext@a567e72 has not been refreshed yet
	at org.apache.dubbo.registry.support.FailbackRegistry.subscribe(FailbackRegistry.java:350) ~[dubbo-2.7.8.jar:2.7.8]
	at org.apache.dubbo.registry.ListenerRegistryWrapper.subscribe(ListenerRegistryWrapper.java:105) ~[dubbo-2.7.8.jar:2.7.8]
	at org.apache.dubbo.registry.integration.RegistryDirectory.subscribe(RegistryDirectory.java:185) ~[dubbo-2.7.8.jar:2.7.8]
	at org.apache.dubbo.registry.integration.RegistryProtocol.doRefer(RegistryProtocol.java:469) ~[dubbo-2.7.8.jar:2.7.8]
	at org.apache.dubbo.registry.integration.RegistryProtocol.refer(RegistryProtocol.java:454) ~[dubbo-2.7.8.jar:2.7.8]
	at org.apache.dubbo.rpc.protocol.ProtocolListenerWrapper.refer(ProtocolListenerWrapper.java:72) ~[dubbo-2.7.8.jar:2.7.8]
	at org.apache.dubbo.rpc.protocol.ProtocolFilterWrapper.refer(ProtocolFilterWrapper.java:161) ~[dubbo-2.7.8.jar:2.7.8]
	at org.apache.dubbo.qos.protocol.QosProtocolWrapper.refer(QosProtocolWrapper.java:73) ~[dubbo-2.7.8.jar:2.7.8]
	at org.apache.dubbo.rpc.Protocol$Adaptive.refer(Protocol$Adaptive.java) ~[dubbo-2.7.8.jar:2.7.8]
	at org.apache.dubbo.config.ReferenceConfig.createProxy(ReferenceConfig.java:367) ~[dubbo-2.7.8.jar:2.7.8]
	at org.apache.dubbo.config.ReferenceConfig.init(ReferenceConfig.java:305) ~[dubbo-2.7.8.jar:2.7.8]
	at org.apache.dubbo.config.ReferenceConfig.get(ReferenceConfig.java:205) ~[dubbo-2.7.8.jar:2.7.8]
	at org.apache.dubbo.config.spring.beans.factory.annotation.ReferenceAnnotationBeanPostProcessor.doGetInjectedBean(ReferenceAnnotationBeanPostProcessor.java:144) ~[dubbo-2.7.8.jar:2.7.8]
	at com.alibaba.spring.beans.factory.annotation.AbstractAnnotationBeanPostProcessor.getInjectedObject(AbstractAnnotationBeanPostProcessor.java:362) ~[spring-context-support-1.0.10.jar:na]
	at com.alibaba.spring.beans.factory.annotation.AbstractAnnotationBeanPostProcessor$AnnotatedFieldElement.inject(AbstractAnnotationBeanPostProcessor.java:542) ~[spring-context-support-1.0.10.jar:na]
	at org.springframework.beans.factory.annotation.InjectionMetadata.inject(InjectionMetadata.java:119) ~[spring-beans-5.2.13.RELEASE.jar:5.2.13.RELEASE]
	at com.alibaba.spring.beans.factory.annotation.AbstractAnnotationBeanPostProcessor.postProcessPropertyValues(AbstractAnnotationBeanPostProcessor.java:145) ~[spring-context-support-1.0.10.jar:na]
	... 76 common frames omitted
Caused by: org.springframework.beans.factory.BeanCreationException: Error creating bean with name 'com.alibaba.cloud.dubbo.autoconfigure.DubboServiceRegistrationAutoConfiguration': Initialization of bean failed; nested exception is org.springframework.beans.factory.BeanCreationException: Error creating bean with name 'com.alibaba.cloud.dubbo.metadata.repository.DubboServiceMetadataRepository': Initialization of bean failed; nested exception is org.springframework.boot.context.properties.ConfigurationPropertiesBindException: Error creating bean with name 'dubbo.cloud-com.alibaba.cloud.dubbo.env.DubboCloudProperties': Could not bind properties to 'DubboCloudProperties' : prefix=dubbo.cloud, ignoreInvalidFields=false, ignoreUnknownFields=true; nested exception is java.lang.IllegalStateException: org.springframework.web.context.support.GenericWebApplicationContext@a567e72 has not been refreshed yet
	at org.springframework.beans.factory.support.AbstractAutowireCapableBeanFactory.doCreateBean(AbstractAutowireCapableBeanFactory.java:602) ~[spring-beans-5.2.13.RELEASE.jar:5.2.13.RELEASE]
	at org.springframework.beans.factory.support.AbstractAutowireCapableBeanFactory.createBean(AbstractAutowireCapableBeanFactory.java:516) ~[spring-beans-5.2.13.RELEASE.jar:5.2.13.RELEASE]
	at org.springframework.beans.factory.support.AbstractBeanFactory.lambda$doGetBean$0(AbstractBeanFactory.java:324) ~[spring-beans-5.2.13.RELEASE.jar:5.2.13.RELEASE]
	at org.springframework.beans.factory.support.DefaultSingletonBeanRegistry.getSingleton(DefaultSingletonBeanRegistry.java:234) ~[spring-beans-5.2.13.RELEASE.jar:5.2.13.RELEASE]
	at org.springframework.beans.factory.support.AbstractBeanFactory.doGetBean(AbstractBeanFactory.java:322) ~[spring-beans-5.2.13.RELEASE.jar:5.2.13.RELEASE]
	at org.springframework.beans.factory.support.AbstractBeanFactory.getBean(AbstractBeanFactory.java:202) ~[spring-beans-5.2.13.RELEASE.jar:5.2.13.RELEASE]
	at org.springframework.beans.factory.support.ConstructorResolver.instantiateUsingFactoryMethod(ConstructorResolver.java:409) ~[spring-beans-5.2.13.RELEASE.jar:5.2.13.RELEASE]
	at org.springframework.beans.factory.support.AbstractAutowireCapableBeanFactory.instantiateUsingFactoryMethod(AbstractAutowireCapableBeanFactory.java:1341) ~[spring-beans-5.2.13.RELEASE.jar:5.2.13.RELEASE]
	at org.springframework.beans.factory.support.AbstractAutowireCapableBeanFactory.createBeanInstance(AbstractAutowireCapableBeanFactory.java:1181) ~[spring-beans-5.2.13.RELEASE.jar:5.2.13.RELEASE]
	at org.springframework.beans.factory.support.AbstractAutowireCapableBeanFactory.doCreateBean(AbstractAutowireCapableBeanFactory.java:556) ~[spring-beans-5.2.13.RELEASE.jar:5.2.13.RELEASE]
	at org.springframework.beans.factory.support.AbstractAutowireCapableBeanFactory.createBean(AbstractAutowireCapableBeanFactory.java:516) ~[spring-beans-5.2.13.RELEASE.jar:5.2.13.RELEASE]
	at org.springframework.beans.factory.support.AbstractBeanFactory.lambda$doGetBean$0(AbstractBeanFactory.java:324) ~[spring-beans-5.2.13.RELEASE.jar:5.2.13.RELEASE]
	at org.springframework.beans.factory.support.DefaultSingletonBeanRegistry.getSingleton(DefaultSingletonBeanRegistry.java:234) ~[spring-beans-5.2.13.RELEASE.jar:5.2.13.RELEASE]
	at org.springframework.beans.factory.support.AbstractBeanFactory.doGetBean(AbstractBeanFactory.java:322) ~[spring-beans-5.2.13.RELEASE.jar:5.2.13.RELEASE]
	at org.springframework.beans.factory.support.AbstractBeanFactory.getBean(AbstractBeanFactory.java:202) ~[spring-beans-5.2.13.RELEASE.jar:5.2.13.RELEASE]
	at org.springframework.beans.factory.config.DependencyDescriptor.resolveCandidate(DependencyDescriptor.java:276) ~[spring-beans-5.2.13.RELEASE.jar:5.2.13.RELEASE]
	at org.springframework.beans.factory.support.DefaultListableBeanFactory.addCandidateEntry(DefaultListableBeanFactory.java:1525) ~[spring-beans-5.2.13.RELEASE.jar:5.2.13.RELEASE]
	at org.springframework.beans.factory.support.DefaultListableBeanFactory.findAutowireCandidates(DefaultListableBeanFactory.java:1489) ~[spring-beans-5.2.13.RELEASE.jar:5.2.13.RELEASE]
	at org.springframework.beans.factory.support.DefaultListableBeanFactory.resolveMultipleBeans(DefaultListableBeanFactory.java:1378) ~[spring-beans-5.2.13.RELEASE.jar:5.2.13.RELEASE]
	at org.springframework.beans.factory.support.DefaultListableBeanFactory.doResolveDependency(DefaultListableBeanFactory.java:1265) ~[spring-beans-5.2.13.RELEASE.jar:5.2.13.RELEASE]
	at org.springframework.beans.factory.support.DefaultListableBeanFactory$DependencyObjectProvider.getIfAvailable(DefaultListableBeanFactory.java:1947) ~[spring-beans-5.2.13.RELEASE.jar:5.2.13.RELEASE]
	at org.springframework.beans.factory.ObjectProvider.ifAvailable(ObjectProvider.java:91) ~[spring-beans-5.2.13.RELEASE.jar:5.2.13.RELEASE]
	at com.alibaba.cloud.dubbo.service.DubboGenericServiceFactory.bindReferenceBean(DubboGenericServiceFactory.java:154) ~[spring-cloud-starter-dubbo-2.2.5.RELEASE.jar:2.2.5.RELEASE]
	at com.alibaba.cloud.dubbo.service.DubboGenericServiceFactory.lambda$build$0(DubboGenericServiceFactory.java:107) ~[spring-cloud-starter-dubbo-2.2.5.RELEASE.jar:2.2.5.RELEASE]
	at java.util.concurrent.ConcurrentHashMap.computeIfAbsent(ConcurrentHashMap.java:1660) ~[na:1.8.0_171]
	at com.alibaba.cloud.dubbo.service.DubboGenericServiceFactory.build(DubboGenericServiceFactory.java:100) ~[spring-cloud-starter-dubbo-2.2.5.RELEASE.jar:2.2.5.RELEASE]
	at com.alibaba.cloud.dubbo.service.DubboGenericServiceFactory.create(DubboGenericServiceFactory.java:79) ~[spring-cloud-starter-dubbo-2.2.5.RELEASE.jar:2.2.5.RELEASE]
	at com.alibaba.cloud.dubbo.service.DubboMetadataServiceInvocationHandler.<init>(DubboMetadataServiceInvocationHandler.java:40) ~[spring-cloud-starter-dubbo-2.2.5.RELEASE.jar:2.2.5.RELEASE]
	at com.alibaba.cloud.dubbo.service.DubboMetadataServiceProxy.createProxy(DubboMetadataServiceProxy.java:191) ~[spring-cloud-starter-dubbo-2.2.5.RELEASE.jar:2.2.5.RELEASE]
	at com.alibaba.cloud.dubbo.service.DubboMetadataServiceProxy.lambda$createProxyIfAbsent$0(DubboMetadataServiceProxy.java:140) ~[spring-cloud-starter-dubbo-2.2.5.RELEASE.jar:2.2.5.RELEASE]
	at java.util.concurrent.ConcurrentHashMap.computeIfAbsent(ConcurrentHashMap.java:1660) ~[na:1.8.0_171]
	at com.alibaba.cloud.dubbo.service.DubboMetadataServiceProxy.createProxyIfAbsent(DubboMetadataServiceProxy.java:139) ~[spring-cloud-starter-dubbo-2.2.5.RELEASE.jar:2.2.5.RELEASE]
	at com.alibaba.cloud.dubbo.service.DubboMetadataServiceProxy.createProxyIfAbsent(DubboMetadataServiceProxy.java:129) ~[spring-cloud-starter-dubbo-2.2.5.RELEASE.jar:2.2.5.RELEASE]
	at com.alibaba.cloud.dubbo.service.DubboMetadataServiceProxy.getProxy(DubboMetadataServiceProxy.java:99) ~[spring-cloud-starter-dubbo-2.2.5.RELEASE.jar:2.2.5.RELEASE]
	at com.alibaba.cloud.dubbo.registry.DubboCloudRegistry.getProxy(DubboCloudRegistry.java:368) ~[spring-cloud-starter-dubbo-2.2.5.RELEASE.jar:2.2.5.RELEASE]
	at com.alibaba.cloud.dubbo.registry.DubboCloudRegistry.getTemplateExportedURLs(DubboCloudRegistry.java:347) ~[spring-cloud-starter-dubbo-2.2.5.RELEASE.jar:2.2.5.RELEASE]
	at com.alibaba.cloud.dubbo.registry.DubboCloudRegistry.lambda$cloneExportedURLs$5(DubboCloudRegistry.java:304) ~[spring-cloud-starter-dubbo-2.2.5.RELEASE.jar:2.2.5.RELEASE]
	at java.util.ArrayList.forEach(ArrayList.java:1257) ~[na:1.8.0_171]
	at com.alibaba.cloud.dubbo.registry.DubboCloudRegistry.cloneExportedURLs(DubboCloudRegistry.java:300) ~[spring-cloud-starter-dubbo-2.2.5.RELEASE.jar:2.2.5.RELEASE]
	at com.alibaba.cloud.dubbo.registry.DubboCloudRegistry.getExportedURLs(DubboCloudRegistry.java:281) ~[spring-cloud-starter-dubbo-2.2.5.RELEASE.jar:2.2.5.RELEASE]
	at com.alibaba.cloud.dubbo.registry.DubboCloudRegistry.subscribeURLs(DubboCloudRegistry.java:256) ~[spring-cloud-starter-dubbo-2.2.5.RELEASE.jar:2.2.5.RELEASE]
	at com.alibaba.cloud.dubbo.registry.DubboCloudRegistry.subscribeURLs(DubboCloudRegistry.java:243) ~[spring-cloud-starter-dubbo-2.2.5.RELEASE.jar:2.2.5.RELEASE]
	at com.alibaba.cloud.dubbo.registry.DubboCloudRegistry.lambda$subscribeURLs$1(DubboCloudRegistry.java:222) ~[spring-cloud-starter-dubbo-2.2.5.RELEASE.jar:2.2.5.RELEASE]
	at java.lang.Iterable.forEach(Iterable.java:75) ~[na:1.8.0_171]
	at java.util.Collections$UnmodifiableCollection.forEach(Collections.java:1080) ~[na:1.8.0_171]
[...]
	at org.apache.dubbo.rpc.protocol.ProtocolFilterWrapper.refer(ProtocolFilterWrapper.java:161) ~[dubbo-2.7.8.jar:2.7.8]
	at org.apache.dubbo.qos.protocol.QosProtocolWrapper.refer(QosProtocolWrapper.java:73) ~[dubbo-2.7.8.jar:2.7.8]
	at org.apache.dubbo.rpc.Protocol$Adaptive.refer(Protocol$Adaptive.java) ~[dubbo-2.7.8.jar:2.7.8]
	at org.apache.dubbo.config.ReferenceConfig.createProxy(ReferenceConfig.java:367) ~[dubbo-2.7.8.jar:2.7.8]
	at org.apache.dubbo.config.ReferenceConfig.init(ReferenceConfig.java:305) ~[dubbo-2.7.8.jar:2.7.8]
	at org.apache.dubbo.config.ReferenceConfig.get(ReferenceConfig.java:205) ~[dubbo-2.7.8.jar:2.7.8]
	at org.apache.dubbo.config.spring.beans.factory.annotation.ReferenceAnnotationBeanPostProcessor.doGetInjectedBean(ReferenceAnnotationBeanPostProcessor.java:144) ~[dubbo-2.7.8.jar:2.7.8]
	at com.alibaba.spring.beans.factory.annotation.AbstractAnnotationBeanPostProcessor.getInjectedObject(AbstractAnnotationBeanPostProcessor.java:362) ~[spring-context-support-1.0.10.jar:na]
	at com.alibaba.spring.beans.factory.annotation.AbstractAnnotationBeanPostProcessor$AnnotatedFieldElement.inject(AbstractAnnotationBeanPostProcessor.java:542) ~[spring-context-support-1.0.10.jar:na]
	at org.springframework.beans.factory.annotation.InjectionMetadata.inject(InjectionMetadata.java:119) ~[spring-beans-5.2.13.RELEASE.jar:5.2.13.RELEASE]
	at com.alibaba.spring.beans.factory.annotation.AbstractAnnotationBeanPostProcessor.postProcessPropertyValues(AbstractAnnotationBeanPostProcessor.java:145) ~[spring-context-support-1.0.10.jar:na]
	... 76 common frames omitted
Caused by: org.springframework.beans.factory.BeanCreationException: Error creating bean with name 'com.alibaba.cloud.dubbo.autoconfigure.DubboServiceRegistrationAutoConfiguration': Initialization of bean failed; nested exception is org.springframework.beans.factory.BeanCreationException: Error creating bean with name 'com.alibaba.cloud.dubbo.metadata.repository.DubboServiceMetadataRepository': Initialization of bean failed; nested exception is org.springframework.boot.context.properties.ConfigurationPropertiesBindException: Error creating bean with name 'dubbo.cloud-com.alibaba.cloud.dubbo.env.DubboCloudProperties': Could not bind properties to 'DubboCloudProperties' : prefix=dubbo.cloud, ignoreInvalidFields=false, ignoreUnknownFields=true; nested exception is java.lang.IllegalStateException: org.springframework.web.context.support.GenericWebApplicationContext@a567e72 has not been refreshed yet
	at org.springframework.beans.factory.support.AbstractAutowireCapableBeanFactory.doCreateBean(AbstractAutowireCapableBeanFactory.java:602) ~[spring-beans-5.2.13.RELEASE.jar:5.2.13.RELEASE]
	at org.springframework.beans.factory.support.AbstractAutowireCapableBeanFactory.createBean(AbstractAutowireCapableBeanFactory.java:516) ~[spring-beans-5.2.13.RELEASE.jar:5.2.13.RELEASE]
	at org.springframework.beans.factory.support.AbstractBeanFactory.lambda$doGetBean$0(AbstractBeanFactory.java:324) ~[spring-beans-5.2.13.RELEASE.jar:5.2.13.RELEASE]
	at org.springframework.beans.factory.support.DefaultSingletonBeanRegistry.getSingleton(DefaultSingletonBeanRegistry.java:234) ~[spring-beans-5.2.13.RELEASE.jar:5.2.13.RELEASE]
	at org.springframework.beans.factory.support.AbstractBeanFactory.doGetBean(AbstractBeanFactory.java:322) ~[spring-beans-5.2.13.RELEASE.jar:5.2.13.RELEASE]
	at org.springframework.beans.factory.support.AbstractBeanFactory.getBean(AbstractBeanFactory.java:202) ~[spring-beans-5.2.13.RELEASE.jar:5.2.13.RELEASE]
	at org.springframework.beans.factory.support.ConstructorResolver.instantiateUsingFactoryMethod(ConstructorResolver.java:409) ~[spring-beans-5.2.13.RELEASE.jar:5.2.13.RELEASE]
	at org.springframework.beans.factory.support.AbstractAutowireCapableBeanFactory.instantiateUsingFactoryMethod(AbstractAutowireCapableBeanFactory.java:1341) ~[spring-beans-5.2.13.RELEASE.jar:5.2.13.RELEASE]
	at org.springframework.beans.factory.support.AbstractAutowireCapableBeanFactory.createBeanInstance(AbstractAutowireCapableBeanFactory.java:1181) ~[spring-beans-5.2.13.RELEASE.jar:5.2.13.RELEASE]
	at org.springframework.beans.factory.support.AbstractAutowireCapableBeanFactory.doCreateBean(AbstractAutowireCapableBeanFactory.java:556) ~[spring-beans-5.2.13.RELEASE.jar:5.2.13.RELEASE]
	at org.springframework.beans.factory.support.AbstractAutowireCapableBeanFactory.createBean(AbstractAutowireCapableBeanFactory.java:516) ~[spring-beans-5.2.13.RELEASE.jar:5.2.13.RELEASE]
	at org.springframework.beans.factory.support.AbstractBeanFactory.lambda$doGetBean$0(AbstractBeanFactory.java:324) ~[spring-beans-5.2.13.RELEASE.jar:5.2.13.RELEASE]
	at org.springframework.beans.factory.support.DefaultSingletonBeanRegistry.getSingleton(DefaultSingletonBeanRegistry.java:234) ~[spring-beans-5.2.13.RELEASE.jar:5.2.13.RELEASE]
	at org.springframework.beans.factory.support.AbstractBeanFactory.doGetBean(AbstractBeanFactory.java:322) ~[spring-beans-5.2.13.RELEASE.jar:5.2.13.RELEASE]
	at org.springframework.beans.factory.support.AbstractBeanFactory.getBean(AbstractBeanFactory.java:202) ~[spring-beans-5.2.13.RELEASE.jar:5.2.13.RELEASE]
	at org.springframework.beans.factory.config.DependencyDescriptor.resolveCandidate(DependencyDescriptor.java:276) ~[spring-beans-5.2.13.RELEASE.jar:5.2.13.RELEASE]
	at org.springframework.beans.factory.support.DefaultListableBeanFactory.addCandidateEntry(DefaultListableBeanFactory.java:1525) ~[spring-beans-5.2.13.RELEASE.jar:5.2.13.RELEASE]
	at org.springframework.beans.factory.support.DefaultListableBeanFactory.findAutowireCandidates(DefaultListableBeanFactory.java:1489) ~[spring-beans-5.2.13.RELEASE.jar:5.2.13.RELEASE]
	at org.springframework.beans.factory.support.DefaultListableBeanFactory.resolveMultipleBeans(DefaultListableBeanFactory.java:1378) ~[spring-beans-5.2.13.RELEASE.jar:5.2.13.RELEASE]
	at org.springframework.beans.factory.support.DefaultListableBeanFactory.doResolveDependency(DefaultListableBeanFactory.java:1265) ~[spring-beans-5.2.13.RELEASE.jar:5.2.13.RELEASE]
	at org.springframework.beans.factory.support.DefaultListableBeanFactory$DependencyObjectProvider.getIfAvailable(DefaultListableBeanFactory.java:1947) ~[spring-beans-5.2.13.RELEASE.jar:5.2.13.RELEASE]
	at org.springframework.beans.factory.ObjectProvider.ifAvailable(ObjectProvider.java:91) ~[spring-beans-5.2.13.RELEASE.jar:5.2.13.RELEASE]
	at com.alibaba.cloud.dubbo.service.DubboGenericServiceFactory.bindReferenceBean(DubboGenericServiceFactory.java:154) ~[spring-cloud-starter-dubbo-2.2.5.RELEASE.jar:2.2.5.RELEASE]
	at com.alibaba.cloud.dubbo.service.DubboGenericServiceFactory.lambda$build$0(DubboGenericServiceFactory.java:107) ~[spring-cloud-starter-dubbo-2.2.5.RELEASE.jar:2.2.5.RELEASE]
	at java.util.concurrent.ConcurrentHashMap.computeIfAbsent(ConcurrentHashMap.java:1660) ~[na:1.8.0_171]
	at com.alibaba.cloud.dubbo.service.DubboGenericServiceFactory.build(DubboGenericServiceFactory.java:100) ~[spring-cloud-starter-dubbo-2.2.5.RELEASE.jar:2.2.5.RELEASE]
	at com.alibaba.cloud.dubbo.service.DubboGenericServiceFactory.create(DubboGenericServiceFactory.java:79) ~[spring-cloud-starter-dubbo-2.2.5.RELEASE.jar:2.2.5.RELEASE]
	at com.alibaba.cloud.dubbo.service.DubboMetadataServiceInvocationHandler.<init>(DubboMetadataServiceInvocationHandler.java:40) ~[spring-cloud-starter-dubbo-2.2.5.RELEASE.jar:2.2.5.RELEASE]
	at com.alibaba.cloud.dubbo.service.DubboMetadataServiceProxy.createProxy(DubboMetadataServiceProxy.java:191) ~[spring-cloud-starter-dubbo-2.2.5.RELEASE.jar:2.2.5.RELEASE]
	at com.alibaba.cloud.dubbo.service.DubboMetadataServiceProxy.lambda$createProxyIfAbsent$0(DubboMetadataServiceProxy.java:140) ~[spring-cloud-starter-dubbo-2.2.5.RELEASE.jar:2.2.5.RELEASE]
	at java.util.concurrent.ConcurrentHashMap.computeIfAbsent(ConcurrentHashMap.java:1660) ~[na:1.8.0_171]
	at com.alibaba.cloud.dubbo.service.DubboMetadataServiceProxy.createProxyIfAbsent(DubboMetadataServiceProxy.java:139) ~[spring-cloud-starter-dubbo-2.2.5.RELEASE.jar:2.2.5.RELEASE]
	at com.alibaba.cloud.dubbo.service.DubboMetadataServiceProxy.createProxyIfAbsent(DubboMetadataServiceProxy.java:129) ~[spring-cloud-starter-dubbo-2.2.5.RELEASE.jar:2.2.5.RELEASE]
	at com.alibaba.cloud.dubbo.service.DubboMetadataServiceProxy.getProxy(DubboMetadataServiceProxy.java:99) ~[spring-cloud-starter-dubbo-2.2.5.RELEASE.jar:2.2.5.RELEASE]
	at com.alibaba.cloud.dubbo.registry.DubboCloudRegistry.getProxy(DubboCloudRegistry.java:368) ~[spring-cloud-starter-dubbo-2.2.5.RELEASE.jar:2.2.5.RELEASE]
	at com.alibaba.cloud.dubbo.registry.DubboCloudRegistry.getTemplateExportedURLs(DubboCloudRegistry.java:347) ~[spring-cloud-starter-dubbo-2.2.5.RELEASE.jar:2.2.5.RELEASE]
	at com.alibaba.cloud.dubbo.registry.DubboCloudRegistry.lambda$cloneExportedURLs$5(DubboCloudRegistry.java:304) ~[spring-cloud-starter-dubbo-2.2.5.RELEASE.jar:2.2.5.RELEASE]
	at java.util.ArrayList.forEach(ArrayList.java:1257) ~[na:1.8.0_171]
	at com.alibaba.cloud.dubbo.registry.DubboCloudRegistry.cloneExportedURLs(DubboCloudRegistry.java:300) ~[spring-cloud-starter-dubbo-2.2.5.RELEASE.jar:2.2.5.RELEASE]
	at com.alibaba.cloud.dubbo.registry.DubboCloudRegistry.getExportedURLs(DubboCloudRegistry.java:281) ~[spring-cloud-starter-dubbo-2.2.5.RELEASE.jar:2.2.5.RELEASE]
	at com.alibaba.cloud.dubbo.registry.DubboCloudRegistry.subscribeURLs(DubboCloudRegistry.java:256) ~[spring-cloud-starter-dubbo-2.2.5.RELEASE.jar:2.2.5.RELEASE]
	at com.alibaba.cloud.dubbo.registry.DubboCloudRegistry.subscribeURLs(DubboCloudRegistry.java:243) ~[spring-cloud-starter-dubbo-2.2.5.RELEASE.jar:2.2.5.RELEASE]
	at com.alibaba.cloud.dubbo.registry.DubboCloudRegistry.lambda$subscribeURLs$1(DubboCloudRegistry.java:222) ~[spring-cloud-starter-dubbo-2.2.5.RELEASE.jar:2.2.5.RELEASE]
	at java.lang.Iterable.forEach(Iterable.java:75) ~[na:1.8.0_171]
	at java.util.Collections$UnmodifiableCollection.forEach(Collections.java:1080) ~[na:1.8.0_171]
	at com.alibaba.cloud.dubbo.registry.DubboCloudRegistry.subscribeURLs(DubboCloudRegistry.java:220) ~[spring-cloud-starter-dubbo-2.2.5.RELEASE.jar:2.2.5.RELEASE]
	at com.alibaba.cloud.dubbo.registry.DubboCloudRegistry.subscribeURLs(DubboCloudRegistry.java:186) ~[spring-cloud-starter-dubbo-2.2.5.RELEASE.jar:2.2.5.RELEASE]
	at com.alibaba.cloud.dubbo.registry.DubboCloudRegistry.doSubscribe(DubboCloudRegistry.java:179) ~[spring-cloud-starter-dubbo-2.2.5.RELEASE.jar:2.2.5.RELEASE]
	at org.apache.dubbo.registry.support.FailbackRegistry.subscribe(FailbackRegistry.java:333) ~[dubbo-2.7.8.jar:2.7.8]
	... 92 common frames omitted
Caused by: org.springframework.beans.factory.BeanCreationException: Error creating bean with name 'com.alibaba.cloud.dubbo.metadata.repository.DubboServiceMetadataRepository': Initialization of bean failed; nested exception is org.springframework.boot.context.properties.ConfigurationPropertiesBindException: Error creating bean with name 'dubbo.cloud-com.alibaba.cloud.dubbo.env.DubboCloudProperties': Could not bind properties to 'DubboCloudProperties' : prefix=dubbo.cloud, ignoreInvalidFields=false, ignoreUnknownFields=true; nested exception is java.lang.IllegalStateException: org.springframework.web.context.support.GenericWebApplicationContext@a567e72 has not been refreshed yet
	at org.springframework.beans.factory.support.AbstractAutowireCapableBeanFactory.doCreateBean(AbstractAutowireCapableBeanFactory.java:602) ~[spring-beans-5.2.13.RELEASE.jar:5.2.13.RELEASE]
	at org.springframework.beans.factory.support.AbstractAutowireCapableBeanFactory.createBean(AbstractAutowireCapableBeanFactory.java:516) ~[spring-beans-5.2.13.RELEASE.jar:5.2.13.RELEASE]
	at org.springframework.beans.factory.support.AbstractBeanFactory.lambda$doGetBean$0(AbstractBeanFactory.java:324) ~[spring-beans-5.2.13.RELEASE.jar:5.2.13.RELEASE]
	at org.springframework.beans.factory.support.DefaultSingletonBeanRegistry.getSingleton(DefaultSingletonBeanRegistry.java:234) ~[spring-beans-5.2.13.RELEASE.jar:5.2.13.RELEASE]
	at org.springframework.beans.factory.support.AbstractBeanFactory.doGetBean(AbstractBeanFactory.java:322) ~[spring-beans-5.2.13.RELEASE.jar:5.2.13.RELEASE]
	at org.springframework.beans.factory.support.AbstractBeanFactory.getBean(AbstractBeanFactory.java:207) ~[spring-beans-5.2.13.RELEASE.jar:5.2.13.RELEASE]
	at org.springframework.beans.factory.annotation.AutowiredAnnotationBeanPostProcessor$ShortcutDependencyDescriptor.resolveShortcut(AutowiredAnnotationBeanPostProcessor.java:819) ~[spring-beans-5.2.13.RELEASE.jar:5.2.13.RELEASE]
	at org.springframework.beans.factory.support.DefaultListableBeanFactory.doResolveDependency(DefaultListableBeanFactory.java:1239) ~[spring-beans-5.2.13.RELEASE.jar:5.2.13.RELEASE]
	at org.springframework.beans.factory.support.DefaultListableBeanFactory.resolveDependency(DefaultListableBeanFactory.java:1227) ~[spring-beans-5.2.13.RELEASE.jar:5.2.13.RELEASE]
	at org.springframework.beans.factory.annotation.AutowiredAnnotationBeanPostProcessor.resolvedCachedArgument(AutowiredAnnotationBeanPostProcessor.java:601) ~[spring-beans-5.2.13.RELEASE.jar:5.2.13.RELEASE]
	at org.springframework.beans.factory.annotation.AutowiredAnnotationBeanPostProcessor.access$000(AutowiredAnnotationBeanPostProcessor.java:131) ~[spring-beans-5.2.13.RELEASE.jar:5.2.13.RELEASE]
	at org.springframework.beans.factory.annotation.AutowiredAnnotationBeanPostProcessor$AutowiredFieldElement.inject(AutowiredAnnotationBeanPostProcessor.java:632) ~[spring-beans-5.2.13.RELEASE.jar:5.2.13.RELEASE]
	at org.springframework.beans.factory.annotation.InjectionMetadata.inject(InjectionMetadata.java:119) ~[spring-beans-5.2.13.RELEASE.jar:5.2.13.RELEASE]
	at org.springframework.beans.factory.annotation.AutowiredAnnotationBeanPostProcessor.postProcessProperties(AutowiredAnnotationBeanPostProcessor.java:399) ~[spring-beans-5.2.13.RELEASE.jar:5.2.13.RELEASE]
	at org.springframework.beans.factory.support.AbstractAutowireCapableBeanFactory.populateBean(AbstractAutowireCapableBeanFactory.java:1425) ~[spring-beans-5.2.13.RELEASE.jar:5.2.13.RELEASE]
	at org.springframework.beans.factory.support.AbstractAutowireCapableBeanFactory.doCreateBean(AbstractAutowireCapableBeanFactory.java:593) ~[spring-beans-5.2.13.RELEASE.jar:5.2.13.RELEASE]
	... 140 common frames omitted
Caused by: org.springframework.boot.context.properties.ConfigurationPropertiesBindException: Error creating bean with name 'dubbo.cloud-com.alibaba.cloud.dubbo.env.DubboCloudProperties': Could not bind properties to 'DubboCloudProperties' : prefix=dubbo.cloud, ignoreInvalidFields=false, ignoreUnknownFields=true; nested exception is java.lang.IllegalStateException: org.springframework.web.context.support.GenericWebApplicationContext@a567e72 has not been refreshed yet
	at org.springframework.boot.context.properties.ConfigurationPropertiesBindingPostProcessor.bind(ConfigurationPropertiesBindingPostProcessor.java:92) ~[spring-boot-2.3.9.RELEASE.jar:2.3.9.RELEASE]
	at org.springframework.boot.context.properties.ConfigurationPropertiesBindingPostProcessor.postProcessBeforeInitialization(ConfigurationPropertiesBindingPostProcessor.java:78) ~[spring-boot-2.3.9.RELEASE.jar:2.3.9.RELEASE]
	at org.springframework.beans.factory.support.AbstractAutowireCapableBeanFactory.applyBeanPostProcessorsBeforeInitialization(AbstractAutowireCapableBeanFactory.java:415) ~[spring-beans-5.2.13.RELEASE.jar:5.2.13.RELEASE]
	at org.springframework.beans.factory.support.AbstractAutowireCapableBeanFactory.initializeBean(AbstractAutowireCapableBeanFactory.java:1791) ~[spring-beans-5.2.13.RELEASE.jar:5.2.13.RELEASE]
	at org.springframework.beans.factory.support.AbstractAutowireCapableBeanFactory.doCreateBean(AbstractAutowireCapableBeanFactory.java:594) ~[spring-beans-5.2.13.RELEASE.jar:5.2.13.RELEASE]
	at org.springframework.beans.factory.support.AbstractAutowireCapableBeanFactory.createBean(AbstractAutowireCapableBeanFactory.java:516) ~[spring-beans-5.2.13.RELEASE.jar:5.2.13.RELEASE]
	at org.springframework.beans.factory.support.AbstractBeanFactory.lambda$doGetBean$0(AbstractBeanFactory.java:324) ~[spring-beans-5.2.13.RELEASE.jar:5.2.13.RELEASE]
	at org.springframework.beans.factory.support.DefaultSingletonBeanRegistry.getSingleton(DefaultSingletonBeanRegistry.java:234) ~[spring-beans-5.2.13.RELEASE.jar:5.2.13.RELEASE]
	at org.springframework.beans.factory.support.AbstractBeanFactory.doGetBean(AbstractBeanFactory.java:322) ~[spring-beans-5.2.13.RELEASE.jar:5.2.13.RELEASE]
	at org.springframework.beans.factory.support.AbstractBeanFactory.getBean(AbstractBeanFactory.java:207) ~[spring-beans-5.2.13.RELEASE.jar:5.2.13.RELEASE]
	at org.springframework.beans.factory.annotation.AutowiredAnnotationBeanPostProcessor$ShortcutDependencyDescriptor.resolveShortcut(AutowiredAnnotationBeanPostProcessor.java:819) ~[spring-beans-5.2.13.RELEASE.jar:5.2.13.RELEASE]
	at org.springframework.beans.factory.support.DefaultListableBeanFactory.doResolveDependency(DefaultListableBeanFactory.java:1239) ~[spring-beans-5.2.13.RELEASE.jar:5.2.13.RELEASE]
	at org.springframework.beans.factory.support.DefaultListableBeanFactory.resolveDependency(DefaultListableBeanFactory.java:1227) ~[spring-beans-5.2.13.RELEASE.jar:5.2.13.RELEASE]
	at org.springframework.beans.factory.annotation.AutowiredAnnotationBeanPostProcessor.resolvedCachedArgument(AutowiredAnnotationBeanPostProcessor.java:601) ~[spring-beans-5.2.13.RELEASE.jar:5.2.13.RELEASE]
	at org.springframework.beans.factory.annotation.AutowiredAnnotationBeanPostProcessor.access$000(AutowiredAnnotationBeanPostProcessor.java:131) ~[spring-beans-5.2.13.RELEASE.jar:5.2.13.RELEASE]
	at org.springframework.beans.factory.annotation.AutowiredAnnotationBeanPostProcessor$AutowiredFieldElement.inject(AutowiredAnnotationBeanPostProcessor.java:632) ~[spring-beans-5.2.13.RELEASE.jar:5.2.13.RELEASE]
	at org.springframework.beans.factory.annotation.InjectionMetadata.inject(InjectionMetadata.java:119) ~[spring-beans-5.2.13.RELEASE.jar:5.2.13.RELEASE]
	at org.springframework.beans.factory.annotation.AutowiredAnnotationBeanPostProcessor.postProcessProperties(AutowiredAnnotationBeanPostProcessor.java:399) ~[spring-beans-5.2.13.RELEASE.jar:5.2.13.RELEASE]
	at org.springframework.beans.factory.support.AbstractAutowireCapableBeanFactory.populateBean(AbstractAutowireCapableBeanFactory.java:1425) ~[spring-beans-5.2.13.RELEASE.jar:5.2.13.RELEASE]
	at org.springframework.beans.factory.support.AbstractAutowireCapableBeanFactory.doCreateBean(AbstractAutowireCapableBeanFactory.java:593) ~[spring-beans-5.2.13.RELEASE.jar:5.2.13.RELEASE]
	... 155 common frames omitted
Caused by: java.lang.IllegalStateException: org.springframework.web.context.support.GenericWebApplicationContext@a567e72 has not been refreshed yet
	at org.springframework.context.support.AbstractApplicationContext.assertBeanFactoryActive(AbstractApplicationContext.java:1096) ~[spring-context-5.2.13.RELEASE.jar:5.2.13.RELEASE]
	at org.springframework.context.support.AbstractApplicationContext.getBean(AbstractApplicationContext.java:1114) ~[spring-context-5.2.13.RELEASE.jar:5.2.13.RELEASE]
	at org.springframework.boot.context.properties.BoundConfigurationProperties.get(BoundConfigurationProperties.java:78) ~[spring-boot-2.3.9.RELEASE.jar:2.3.9.RELEASE]
	at org.springframework.boot.context.properties.ConfigurationPropertiesBinder.getHandler(ConfigurationPropertiesBinder.java:127) ~[spring-boot-2.3.9.RELEASE.jar:2.3.9.RELEASE]
	at org.springframework.boot.context.properties.ConfigurationPropertiesBinder.getBindHandler(ConfigurationPropertiesBinder.java:109) ~[spring-boot-2.3.9.RELEASE.jar:2.3.9.RELEASE]
	at org.springframework.boot.context.properties.ConfigurationPropertiesBinder.bind(ConfigurationPropertiesBinder.java:89) ~[spring-boot-2.3.9.RELEASE.jar:2.3.9.RELEASE]
	at org.springframework.boot.context.properties.ConfigurationPropertiesBindingPostProcessor.bind(ConfigurationPropertiesBindingPostProcessor.java:89) ~[spring-boot-2.3.9.RELEASE.jar:2.3.9.RELEASE]
	... 174 common frames omitted

]]></system-out>
  </testcase>
</testsuite>